{"$message_type":"diagnostic","message":"file not found for module `connection`","code":{"code":"E0583","explanation":"A file wasn't found for an out-of-line module.\n\nErroneous code example:\n\n```compile_fail,E0583\nmod file_that_doesnt_exist; // error: file not found for module\n\nfn main() {}\n```\n\nPlease be sure that a file corresponding to the module exists. If you\nwant to use a module named `file_that_doesnt_exist`, you need to have a file\nnamed `file_that_doesnt_exist.rs` or `file_that_doesnt_exist/mod.rs` in the\nsame directory.\n"},"level":"error","spans":[{"file_name":"src/infrastructure/db/mod.rs","byte_start":0,"byte_end":19,"line_start":1,"line_end":1,"column_start":1,"column_end":20,"is_primary":true,"text":[{"text":"pub mod connection;","highlight_start":1,"highlight_end":20}],"label":null,"suggested_replacement":null,"suggestion_applicability":null,"expansion":null}],"children":[{"message":"to create the module `connection`, create file \"src/infrastructure/db/connection.rs\" or \"src/infrastructure/db/connection/mod.rs\"","code":null,"level":"help","spans":[],"children":[],"rendered":null},{"message":"if there is a `mod connection` elsewhere in the crate already, import it with `use crate::...` instead","code":null,"level":"note","spans":[],"children":[],"rendered":null}],"rendered":"\u001b[1m\u001b[91merror[E0583]\u001b[0m\u001b[1m: file not found for module `connection`\u001b[0m\n \u001b[1m\u001b[94m--> \u001b[0msrc/infrastructure/db/mod.rs:1:1\n  \u001b[1m\u001b[94m|\u001b[0m\n\u001b[1m\u001b[94m1\u001b[0m \u001b[1m\u001b[94m|\u001b[0m pub mod connection;\n  \u001b[1m\u001b[94m|\u001b[0m \u001b[1m\u001b[91m^^^^^^^^^^^^^^^^^^^\u001b[0m\n  \u001b[1m\u001b[94m|\u001b[0m\n  \u001b[1m\u001b[94m= \u001b[0m\u001b[1mhelp\u001b[0m: to create the module `connection`, create file \"src/infrastructure/db/connection.rs\" or \"src/infrastructure/db/connection/mod.rs\"\n  \u001b[1m\u001b[94m= \u001b[0m\u001b[1mnote\u001b[0m: if there is a `mod connection` elsewhere in the crate already, import it with `use crate::...` instead\n\n"}
{"$message_type":"diagnostic","message":"file not found for module `line`","code":{"code":"E0583","explanation":"A file wasn't found for an out-of-line module.\n\nErroneous code example:\n\n```compile_fail,E0583\nmod file_that_doesnt_exist; // error: file not found for module\n\nfn main() {}\n```\n\nPlease be sure that a file corresponding to the module exists. If you\nwant to use a module named `file_that_doesnt_exist`, you need to have a file\nnamed `file_that_doesnt_exist.rs` or `file_that_doesnt_exist/mod.rs` in the\nsame directory.\n"},"level":"error","spans":[{"file_name":"src/infrastructure/mod.rs","byte_start":12,"byte_end":25,"line_start":2,"line_end":2,"column_start":1,"column_end":14,"is_primary":true,"text":[{"text":"pub mod line;","highlight_start":1,"highlight_end":14}],"label":null,"suggested_replacement":null,"suggestion_applicability":null,"expansion":null}],"children":[{"message":"to create the module `line`, create file \"src/infrastructure/line.rs\" or \"src/infrastructure/line/mod.rs\"","code":null,"level":"help","spans":[],"children":[],"rendered":null},{"message":"if there is a `mod line` elsewhere in the crate already, import it with `use crate::...` instead","code":null,"level":"note","spans":[],"children":[],"rendered":null}],"rendered":"\u001b[1m\u001b[91merror[E0583]\u001b[0m\u001b[1m: file not found for module `line`\u001b[0m\n \u001b[1m\u001b[94m--> \u001b[0msrc/infrastructure/mod.rs:2:1\n  \u001b[1m\u001b[94m|\u001b[0m\n\u001b[1m\u001b[94m2\u001b[0m \u001b[1m\u001b[94m|\u001b[0m pub mod line;\n  \u001b[1m\u001b[94m|\u001b[0m \u001b[1m\u001b[91m^^^^^^^^^^^^^\u001b[0m\n  \u001b[1m\u001b[94m|\u001b[0m\n  \u001b[1m\u001b[94m= \u001b[0m\u001b[1mhelp\u001b[0m: to create the module `line`, create file \"src/infrastructure/line.rs\" or \"src/infrastructure/line/mod.rs\"\n  \u001b[1m\u001b[94m= \u001b[0m\u001b[1mnote\u001b[0m: if there is a `mod line` elsewhere in the crate already, import it with `use crate::...` instead\n\n"}
{"$message_type":"diagnostic","message":"file not found for module `payment`","code":{"code":"E0583","explanation":"A file wasn't found for an out-of-line module.\n\nErroneous code example:\n\n```compile_fail,E0583\nmod file_that_doesnt_exist; // error: file not found for module\n\nfn main() {}\n```\n\nPlease be sure that a file corresponding to the module exists. If you\nwant to use a module named `file_that_doesnt_exist`, you need to have a file\nnamed `file_that_doesnt_exist.rs` or `file_that_doesnt_exist/mod.rs` in the\nsame directory.\n"},"level":"error","spans":[{"file_name":"src/infrastructure/mod.rs","byte_start":26,"byte_end":42,"line_start":3,"line_end":3,"column_start":1,"column_end":17,"is_primary":true,"text":[{"text":"pub mod payment;","highlight_start":1,"highlight_end":17}],"label":null,"suggested_replacement":null,"suggestion_applicability":null,"expansion":null}],"children":[{"message":"to create the module `payment`, create file \"src/infrastructure/payment.rs\" or \"src/infrastructure/payment/mod.rs\"","code":null,"level":"help","spans":[],"children":[],"rendered":null},{"message":"if there is a `mod payment` elsewhere in the crate already, import it with `use crate::...` instead","code":null,"level":"note","spans":[],"children":[],"rendered":null}],"rendered":"\u001b[1m\u001b[91merror[E0583]\u001b[0m\u001b[1m: file not found for module `payment`\u001b[0m\n \u001b[1m\u001b[94m--> \u001b[0msrc/infrastructure/mod.rs:3:1\n  \u001b[1m\u001b[94m|\u001b[0m\n\u001b[1m\u001b[94m3\u001b[0m \u001b[1m\u001b[94m|\u001b[0m pub mod payment;\n  \u001b[1m\u001b[94m|\u001b[0m \u001b[1m\u001b[91m^^^^^^^^^^^^^^^^\u001b[0m\n  \u001b[1m\u001b[94m|\u001b[0m\n  \u001b[1m\u001b[94m= \u001b[0m\u001b[1mhelp\u001b[0m: to create the module `payment`, create file \"src/infrastructure/payment.rs\" or \"src/infrastructure/payment/mod.rs\"\n  \u001b[1m\u001b[94m= \u001b[0m\u001b[1mnote\u001b[0m: if there is a `mod payment` elsewhere in the crate already, import it with `use crate::...` instead\n\n"}
{"$message_type":"diagnostic","message":"unused import: `entity::OrderStatus`","code":{"code":"unused_imports","explanation":null},"level":"warning","spans":[{"file_name":"src/domain/service/mod.rs","byte_start":25,"byte_end":44,"line_start":3,"line_end":3,"column_start":9,"column_end":28,"is_primary":true,"text":[{"text":"pub use entity::OrderStatus;","highlight_start":9,"highlight_end":28}],"label":null,"suggested_replacement":null,"suggestion_applicability":null,"expansion":null}],"children":[{"message":"`#[warn(unused_imports)]` (part of `#[warn(unused)]`) on by default","code":null,"level":"note","spans":[],"children":[],"rendered":null},{"message":"remove the whole `use` item","code":null,"level":"help","spans":[{"file_name":"src/domain/service/mod.rs","byte_start":17,"byte_end":46,"line_start":3,"line_end":4,"column_start":1,"column_end":1,"is_primary":true,"text":[{"text":"pub use entity::OrderStatus;","highlight_start":1,"highlight_end":29},{"text":"pub use entity::ServiceOrder;","highlight_start":1,"highlight_end":1}],"label":null,"suggested_replacement":"","suggestion_applicability":"MachineApplicable","expansion":null}],"children":[],"rendered":null}],"rendered":"\u001b[1m\u001b[33mwarning\u001b[0m\u001b[1m: unused import: `entity::OrderStatus`\u001b[0m\n \u001b[1m\u001b[94m--> \u001b[0msrc/domain/service/mod.rs:3:9\n  \u001b[1m\u001b[94m|\u001b[0m\n\u001b[1m\u001b[94m3\u001b[0m \u001b[1m\u001b[94m|\u001b[0m pub use entity::OrderStatus;\n  \u001b[1m\u001b[94m|\u001b[0m         \u001b[1m\u001b[33m^^^^^^^^^^^^^^^^^^^\u001b[0m\n  \u001b[1m\u001b[94m|\u001b[0m\n  \u001b[1m\u001b[94m= \u001b[0m\u001b[1mnote\u001b[0m: `#[warn(unused_imports)]` (part of `#[warn(unused)]`) on by default\n\n"}
{"$message_type":"diagnostic","message":"unused import: `entity::ServiceOrder`","code":{"code":"unused_imports","explanation":null},"level":"warning","spans":[{"file_name":"src/domain/service/mod.rs","byte_start":54,"byte_end":74,"line_start":4,"line_end":4,"column_start":9,"column_end":29,"is_primary":true,"text":[{"text":"pub use entity::ServiceOrder;","highlight_start":9,"highlight_end":29}],"label":null,"suggested_replacement":null,"suggestion_applicability":null,"expansion":null}],"children":[{"message":"remove the whole `use` item","code":null,"level":"help","spans":[{"file_name":"src/domain/service/mod.rs","byte_start":46,"byte_end":76,"line_start":4,"line_end":4,"column_start":1,"column_end":31,"is_primary":true,"text":[{"text":"pub use entity::ServiceOrder;","highlight_start":1,"highlight_end":31}],"label":null,"suggested_replacement":"","suggestion_applicability":"MachineApplicable","expansion":null}],"children":[],"rendered":null}],"rendered":"\u001b[1m\u001b[33mwarning\u001b[0m\u001b[1m: unused import: `entity::ServiceOrder`\u001b[0m\n \u001b[1m\u001b[94m--> \u001b[0msrc/domain/service/mod.rs:4:9\n  \u001b[1m\u001b[94m|\u001b[0m\n\u001b[1m\u001b[94m4\u001b[0m \u001b[1m\u001b[94m|\u001b[0m pub use entity::ServiceOrder;\n  \u001b[1m\u001b[94m|\u001b[0m         \u001b[1m\u001b[33m^^^^^^^^^^^^^^^^^^^^\u001b[0m\n\n"}
{"$message_type":"diagnostic","message":"unused import: `entity::Role`","code":{"code":"unused_imports","explanation":null},"level":"warning","spans":[{"file_name":"src/domain/user/mod.rs","byte_start":25,"byte_end":37,"line_start":3,"line_end":3,"column_start":9,"column_end":21,"is_primary":true,"text":[{"text":"pub use entity::Role;","highlight_start":9,"highlight_end":21}],"label":null,"suggested_replacement":null,"suggestion_applicability":null,"expansion":null}],"children":[{"message":"remove the whole `use` item","code":null,"level":"help","spans":[{"file_name":"src/domain/user/mod.rs","byte_start":17,"byte_end":39,"line_start":3,"line_end":4,"column_start":1,"column_end":1,"is_primary":true,"text":[{"text":"pub use entity::Role;","highlight_start":1,"highlight_end":22},{"text":"pub use entity::User;","highlight_start":1,"highlight_end":1}],"label":null,"suggested_replacement":"","suggestion_applicability":"MachineApplicable","expansion":null}],"children":[],"rendered":null}],"rendered":"\u001b[1m\u001b[33mwarning\u001b[0m\u001b[1m: unused import: `entity::Role`\u001b[0m\n \u001b[1m\u001b[94m--> \u001b[0msrc/domain/user/mod.rs:3:9\n  \u001b[1m\u001b[94m|\u001b[0m\n\u001b[1m\u001b[94m3\u001b[0m \u001b[1m\u001b[94m|\u001b[0m pub use entity::Role;\n  \u001b[1m\u001b[94m|\u001b[0m         \u001b[1m\u001b[33m^^^^^^^^^^^^\u001b[0m\n\n"}
{"$message_type":"diagnostic","message":"unused import: `entity::User`","code":{"code":"unused_imports","explanation":null},"level":"warning","spans":[{"file_name":"src/domain/user/mod.rs","byte_start":47,"byte_end":59,"line_start":4,"line_end":4,"column_start":9,"column_end":21,"is_primary":true,"text":[{"text":"pub use entity::User;","highlight_start":9,"highlight_end":21}],"label":null,"suggested_replacement":null,"suggestion_applicability":null,"expansion":null}],"children":[{"message":"remove the whole `use` item","code":null,"level":"help","spans":[{"file_name":"src/domain/user/mod.rs","byte_start":39,"byte_end":61,"line_start":4,"line_end":4,"column_start":1,"column_end":23,"is_primary":true,"text":[{"text":"pub use entity::User;","highlight_start":1,"highlight_end":23}],"label":null,"suggested_replacement":"","suggestion_applicability":"MachineApplicable","expansion":null}],"children":[],"rendered":null}],"rendered":"\u001b[1m\u001b[33mwarning\u001b[0m\u001b[1m: unused import: `entity::User`\u001b[0m\n \u001b[1m\u001b[94m--> \u001b[0msrc/domain/user/mod.rs:4:9\n  \u001b[1m\u001b[94m|\u001b[0m\n\u001b[1m\u001b[94m4\u001b[0m \u001b[1m\u001b[94m|\u001b[0m pub use entity::User;\n  \u001b[1m\u001b[94m|\u001b[0m         \u001b[1m\u001b[33m^^^^^^^^^^^^\u001b[0m\n\n"}
{"$message_type":"diagnostic","message":"unused imports: `Role` and `User`","code":{"code":"unused_imports","explanation":null},"level":"warning","spans":[{"file_name":"src/infrastructure/db/models.rs","byte_start":34,"byte_end":38,"line_start":1,"line_end":1,"column_start":35,"column_end":39,"is_primary":true,"text":[{"text":"use crate::domain::user::entity::{Role, User};","highlight_start":35,"highlight_end":39}],"label":null,"suggested_replacement":null,"suggestion_applicability":null,"expansion":null},{"file_name":"src/infrastructure/db/models.rs","byte_start":40,"byte_end":44,"line_start":1,"line_end":1,"column_start":41,"column_end":45,"is_primary":true,"text":[{"text":"use crate::domain::user::entity::{Role, User};","highlight_start":41,"highlight_end":45}],"label":null,"suggested_replacement":null,"suggestion_applicability":null,"expansion":null}],"children":[{"message":"remove the whole `use` item","code":null,"level":"help","spans":[{"file_name":"src/infrastructure/db/models.rs","byte_start":0,"byte_end":47,"line_start":1,"line_end":2,"column_start":1,"column_end":1,"is_primary":true,"text":[{"text":"use crate::domain::user::entity::{Role, User};","highlight_start":1,"highlight_end":47},{"text":"use crate::schema::*;","highlight_start":1,"highlight_end":1}],"label":null,"suggested_replacement":"","suggestion_applicability":"MachineApplicable","expansion":null}],"children":[],"rendered":null}],"rendered":"\u001b[1m\u001b[33mwarning\u001b[0m\u001b[1m: unused imports: `Role` and `User`\u001b[0m\n \u001b[1m\u001b[94m--> \u001b[0msrc/infrastructure/db/models.rs:1:35\n  \u001b[1m\u001b[94m|\u001b[0m\n\u001b[1m\u001b[94m1\u001b[0m \u001b[1m\u001b[94m|\u001b[0m use crate::domain::user::entity::{Role, User};\n  \u001b[1m\u001b[94m|\u001b[0m                                   \u001b[1m\u001b[33m^^^^\u001b[0m  \u001b[1m\u001b[33m^^^^\u001b[0m\n\n"}
{"$message_type":"diagnostic","message":"the trait bound `UserRole: FromSqlRow<UserRole, Pg>` is not satisfied","code":{"code":"E0277","explanation":"You tried to use a type which doesn't implement some trait in a place which\nexpected that trait.\n\nErroneous code example:\n\n```compile_fail,E0277\n// here we declare the Foo trait with a bar method\ntrait Foo {\n    fn bar(&self);\n}\n\n// we now declare a function which takes an object implementing the Foo trait\nfn some_func<T: Foo>(foo: T) {\n    foo.bar();\n}\n\nfn main() {\n    // we now call the method with the i32 type, which doesn't implement\n    // the Foo trait\n    some_func(5i32); // error: the trait bound `i32 : Foo` is not satisfied\n}\n```\n\nIn order to fix this error, verify that the type you're using does implement\nthe trait. Example:\n\n```\ntrait Foo {\n    fn bar(&self);\n}\n\n// we implement the trait on the i32 type\nimpl Foo for i32 {\n    fn bar(&self) {}\n}\n\nfn some_func<T: Foo>(foo: T) {\n    foo.bar(); // we can now use this method since i32 implements the\n               // Foo trait\n}\n\nfn main() {\n    some_func(5i32); // ok!\n}\n```\n\nOr in a generic context, an erroneous code example would look like:\n\n```compile_fail,E0277\nfn some_func<T>(foo: T) {\n    println!(\"{:?}\", foo); // error: the trait `core::fmt::Debug` is not\n                           //        implemented for the type `T`\n}\n\nfn main() {\n    // We now call the method with the i32 type,\n    // which *does* implement the Debug trait.\n    some_func(5i32);\n}\n```\n\nNote that the error here is in the definition of the generic function. Although\nwe only call it with a parameter that does implement `Debug`, the compiler\nstill rejects the function. It must work with all possible input types. In\norder to make this example compile, we need to restrict the generic type we're\naccepting:\n\n```\nuse std::fmt;\n\n// Restrict the input type to types that implement Debug.\nfn some_func<T: fmt::Debug>(foo: T) {\n    println!(\"{:?}\", foo);\n}\n\nfn main() {\n    // Calling the method is still fine, as i32 implements Debug.\n    some_func(5i32);\n\n    // This would fail to compile now:\n    // struct WithoutDebug;\n    // some_func(WithoutDebug);\n}\n```\n\nRust only looks at the signature of the called function, as such it must\nalready specify all requirements that will be used for every type parameter.\n"},"level":"error","spans":[{"file_name":"src/infrastructure/db/models.rs","byte_start":790,"byte_end":795,"line_start":18,"line_end":18,"column_start":15,"column_end":20,"is_primary":true,"text":[{"text":"    pub role: crate::schema::sql_types::UserRole, // This might need a wrapper or defined struct if not auto-generated","highlight_start":15,"highlight_end":20}],"label":"unsatisfied trait bound","suggested_replacement":null,"suggestion_applicability":null,"expansion":{"span":{"file_name":"src/infrastructure/db/models.rs","byte_start":191,"byte_end":201,"line_start":6,"line_end":6,"column_start":21,"column_end":31,"is_primary":false,"text":[{"text":"#[derive(Queryable, Selectable, Debug, Clone, Serialize, Deserialize)]","highlight_start":21,"highlight_end":31}],"label":null,"suggested_replacement":null,"suggestion_applicability":null,"expansion":null},"macro_decl_name":"#[derive(Selectable)]","def_site_span":{"file_name":"/Users/patiphan/.cargo/registry/src/index.crates.io-1949cf8c6b5b557f/diesel_derives-2.3.7/src/lib.rs","byte_start":38445,"byte_end":38504,"line_start":998,"line_end":998,"column_start":1,"column_end":60,"is_primary":false,"text":[{"text":"pub fn derive_selectable(input: TokenStream) -> TokenStream {","highlight_start":1,"highlight_end":60}],"label":null,"suggested_replacement":null,"suggestion_applicability":null,"expansion":null}}}],"children":[{"message":"the trait `diesel::Queryable<UserRole, Pg>` is not implemented for `UserRole`","code":null,"level":"help","spans":[{"file_name":"src/schema.rs","byte_start":922,"byte_end":941,"line_start":22,"line_end":22,"column_start":5,"column_end":24,"is_primary":true,"text":[{"text":"    pub struct UserRole;","highlight_start":5,"highlight_end":24}],"label":null,"suggested_replacement":null,"suggestion_applicability":null,"expansion":null}],"children":[],"rendered":null},{"message":"double check your type mappings via the documentation of `UserRole`","code":null,"level":"note","spans":[],"children":[],"rendered":null},{"message":"`diesel::sql_query` requires the loading target to column names for loading values.\nYou need to provide a type that explicitly derives `diesel::deserialize::QueryableByName`","code":null,"level":"note","spans":[],"children":[],"rendered":null},{"message":"the following other types implement trait `diesel::Queryable<ST, DB>`:\n  `(T, T1)` implements `diesel::Queryable<(ST, ST1), __DB>`\n  `(T, T1)` implements `diesel::Queryable<Record<(ST, ST1)>, Pg>`\n  `(T, T1, T2)` implements `diesel::Queryable<(ST, ST1, ST2), __DB>`\n  `(T, T1, T2)` implements `diesel::Queryable<Record<(ST, ST1, ST2)>, Pg>`\n  `(T, T1, T2, T3)` implements `diesel::Queryable<(ST, ST1, ST2, ST3), __DB>`\n  `(T, T1, T2, T3)` implements `diesel::Queryable<Record<(ST, ST1, ST2, ST3)>, Pg>`\n  `(T, T1, T2, T3, T4)` implements `diesel::Queryable<(ST, ST1, ST2, ST3, ST4), __DB>`\n  `(T, T1, T2, T3, T4)` implements `diesel::Queryable<Record<(ST, ST1, ST2, ST3, ST4)>, Pg>`\nand 119 others","code":null,"level":"help","spans":[],"children":[],"rendered":null},{"message":"required for `UserRole` to implement `FromSqlRow<UserRole, Pg>`","code":null,"level":"note","spans":[],"children":[],"rendered":null},{"message":"see issue #48214","code":null,"level":"help","spans":[],"children":[],"rendered":null},{"message":"the full name for the type has been written to '/Users/patiphan/mtd/social_security_motocycle/backend/target/debug/deps/backend-3c82e8dada7dc95d.long-type-1813546569105620169.txt'","code":null,"level":"note","spans":[],"children":[],"rendered":null},{"message":"consider using `--verbose` to print the full type name to the console","code":null,"level":"note","spans":[],"children":[],"rendered":null}],"rendered":"\u001b[1m\u001b[91merror[E0277]\u001b[0m\u001b[1m: the trait bound `UserRole: FromSqlRow<UserRole, Pg>` is not satisfied\u001b[0m\n  \u001b[1m\u001b[94m--> \u001b[0msrc/infrastructure/db/models.rs:18:15\n   \u001b[1m\u001b[94m|\u001b[0m\n \u001b[1m\u001b[94m6\u001b[0m \u001b[1m\u001b[94m|\u001b[0m #[derive(Queryable, Selectable, Debug, Clone, Serialize, Deserialize)]\n   \u001b[1m\u001b[94m|\u001b[0m                     \u001b[1m\u001b[94m----------\u001b[0m \u001b[1m\u001b[94min this derive macro expansion\u001b[0m\n\u001b[1m\u001b[94m...\u001b[0m\n\u001b[1m\u001b[94m18\u001b[0m \u001b[1m\u001b[94m|\u001b[0m     pub role: crate::schema::sql_types::UserRole, // This might need a wrapper or defined struct if not auto-generated\n   \u001b[1m\u001b[94m|\u001b[0m               \u001b[1m\u001b[91m^^^^^\u001b[0m \u001b[1m\u001b[91munsatisfied trait bound\u001b[0m\n   \u001b[1m\u001b[94m|\u001b[0m\n\u001b[1m\u001b[96mhelp\u001b[0m: the trait `diesel::Queryable<UserRole, Pg>` is not implemented for `UserRole`\n  \u001b[1m\u001b[94m--> \u001b[0msrc/schema.rs:22:5\n   \u001b[1m\u001b[94m|\u001b[0m\n\u001b[1m\u001b[94m22\u001b[0m \u001b[1m\u001b[94m|\u001b[0m     pub struct UserRole;\n   \u001b[1m\u001b[94m|\u001b[0m     \u001b[1m\u001b[96m^^^^^^^^^^^^^^^^^^^\u001b[0m\n   \u001b[1m\u001b[94m= \u001b[0m\u001b[1mnote\u001b[0m: double check your type mappings via the documentation of `UserRole`\n   \u001b[1m\u001b[94m= \u001b[0m\u001b[1mnote\u001b[0m: `diesel::sql_query` requires the loading target to column names for loading values.\n           You need to provide a type that explicitly derives `diesel::deserialize::QueryableByName`\n   \u001b[1m\u001b[94m= \u001b[0m\u001b[1mhelp\u001b[0m: the following other types implement trait `diesel::Queryable<ST, DB>`:\n             `(T, T1)` implements `diesel::Queryable<(ST, ST1), __DB>`\n             `(T, T1)` implements `diesel::Queryable<Record<(ST, ST1)>, Pg>`\n             `(T, T1, T2)` implements `diesel::Queryable<(ST, ST1, ST2), __DB>`\n             `(T, T1, T2)` implements `diesel::Queryable<Record<(ST, ST1, ST2)>, Pg>`\n             `(T, T1, T2, T3)` implements `diesel::Queryable<(ST, ST1, ST2, ST3), __DB>`\n             `(T, T1, T2, T3)` implements `diesel::Queryable<Record<(ST, ST1, ST2, ST3)>, Pg>`\n             `(T, T1, T2, T3, T4)` implements `diesel::Queryable<(ST, ST1, ST2, ST3, ST4), __DB>`\n             `(T, T1, T2, T3, T4)` implements `diesel::Queryable<Record<(ST, ST1, ST2, ST3, ST4)>, Pg>`\n           and 119 others\n   \u001b[1m\u001b[94m= \u001b[0m\u001b[1mnote\u001b[0m: required for `UserRole` to implement `FromSqlRow<UserRole, Pg>`\n   \u001b[1m\u001b[94m= \u001b[0m\u001b[1mhelp\u001b[0m: see issue #48214\n   \u001b[1m\u001b[94m= \u001b[0m\u001b[1mnote\u001b[0m: the full name for the type has been written to '/Users/patiphan/mtd/social_security_motocycle/backend/target/debug/deps/backend-3c82e8dada7dc95d.long-type-1813546569105620169.txt'\n   \u001b[1m\u001b[94m= \u001b[0m\u001b[1mnote\u001b[0m: consider using `--verbose` to print the full type name to the console\n   \u001b[1m\u001b[94m= \u001b[0m\u001b[1mnote\u001b[0m: this error originates in the derive macro `Selectable` (in Nightly builds, run with -Z macro-backtrace for more info)\n\n"}
{"$message_type":"diagnostic","message":"the trait bound `UserRole: AsExpression<UserRole>` is not satisfied","code":{"code":"E0277","explanation":"You tried to use a type which doesn't implement some trait in a place which\nexpected that trait.\n\nErroneous code example:\n\n```compile_fail,E0277\n// here we declare the Foo trait with a bar method\ntrait Foo {\n    fn bar(&self);\n}\n\n// we now declare a function which takes an object implementing the Foo trait\nfn some_func<T: Foo>(foo: T) {\n    foo.bar();\n}\n\nfn main() {\n    // we now call the method with the i32 type, which doesn't implement\n    // the Foo trait\n    some_func(5i32); // error: the trait bound `i32 : Foo` is not satisfied\n}\n```\n\nIn order to fix this error, verify that the type you're using does implement\nthe trait. Example:\n\n```\ntrait Foo {\n    fn bar(&self);\n}\n\n// we implement the trait on the i32 type\nimpl Foo for i32 {\n    fn bar(&self) {}\n}\n\nfn some_func<T: Foo>(foo: T) {\n    foo.bar(); // we can now use this method since i32 implements the\n               // Foo trait\n}\n\nfn main() {\n    some_func(5i32); // ok!\n}\n```\n\nOr in a generic context, an erroneous code example would look like:\n\n```compile_fail,E0277\nfn some_func<T>(foo: T) {\n    println!(\"{:?}\", foo); // error: the trait `core::fmt::Debug` is not\n                           //        implemented for the type `T`\n}\n\nfn main() {\n    // We now call the method with the i32 type,\n    // which *does* implement the Debug trait.\n    some_func(5i32);\n}\n```\n\nNote that the error here is in the definition of the generic function. Although\nwe only call it with a parameter that does implement `Debug`, the compiler\nstill rejects the function. It must work with all possible input types. In\norder to make this example compile, we need to restrict the generic type we're\naccepting:\n\n```\nuse std::fmt;\n\n// Restrict the input type to types that implement Debug.\nfn some_func<T: fmt::Debug>(foo: T) {\n    println!(\"{:?}\", foo);\n}\n\nfn main() {\n    // Calling the method is still fine, as i32 implements Debug.\n    some_func(5i32);\n\n    // This would fail to compile now:\n    // struct WithoutDebug;\n    // some_func(WithoutDebug);\n}\n```\n\nRust only looks at the signature of the called function, as such it must\nalready specify all requirements that will be used for every type parameter.\n"},"level":"error","spans":[{"file_name":"src/infrastructure/db/models.rs","byte_start":1140,"byte_end":1144,"line_start":29,"line_end":29,"column_start":9,"column_end":13,"is_primary":true,"text":[{"text":"    pub role: crate::schema::sql_types::UserRole,","highlight_start":9,"highlight_end":13}],"label":"unsatisfied trait bound","suggested_replacement":null,"suggestion_applicability":null,"expansion":{"span":{"file_name":"src/infrastructure/db/models.rs","byte_start":958,"byte_end":968,"line_start":22,"line_end":22,"column_start":10,"column_end":20,"is_primary":false,"text":[{"text":"#[derive(Insertable)]","highlight_start":10,"highlight_end":20}],"label":null,"suggested_replacement":null,"suggestion_applicability":null,"expansion":null},"macro_decl_name":"#[derive(Insertable)]","def_site_span":{"file_name":"/Users/patiphan/.cargo/registry/src/index.crates.io-1949cf8c6b5b557f/diesel_derives-2.3.7/src/lib.rs","byte_start":18931,"byte_end":18990,"line_start":467,"line_end":467,"column_start":1,"column_end":60,"is_primary":false,"text":[{"text":"pub fn derive_insertable(input: TokenStream) -> TokenStream {","highlight_start":1,"highlight_end":60}],"label":null,"suggested_replacement":null,"suggestion_applicability":null,"expansion":null}}}],"children":[{"message":"the trait `AsExpression<UserRole>` is not implemented for `UserRole`","code":null,"level":"help","spans":[{"file_name":"src/schema.rs","byte_start":922,"byte_end":941,"line_start":22,"line_end":22,"column_start":5,"column_end":24,"is_primary":true,"text":[{"text":"    pub struct UserRole;","highlight_start":5,"highlight_end":24}],"label":null,"suggested_replacement":null,"suggestion_applicability":null,"expansion":null}],"children":[],"rendered":null},{"message":"the following other types implement trait `AsExpression<T>`:\n  `&'__expr Cents` implements `AsExpression<Money>`\n  `&'__expr Cents` implements `AsExpression<Nullable<Money>>`\n  `&'__expr MigrationVersion<'a>` implements `AsExpression<Nullable<diesel::sql_types::Text>>`\n  `&'__expr MigrationVersion<'a>` implements `AsExpression<diesel::sql_types::Text>`\n  `&'__expr NullValueTreatment` implements `AsExpression<NullValueTreatmentEnum>`\n  `&'__expr NullValueTreatment` implements `AsExpression<Nullable<NullValueTreatmentEnum>>`\n  `&'__expr PgDate` implements `AsExpression<Date>`\n  `&'__expr PgDate` implements `AsExpression<Nullable<Date>>`\nand 294 others","code":null,"level":"help","spans":[],"children":[],"rendered":null},{"message":"see issue #48214","code":null,"level":"help","spans":[],"children":[],"rendered":null},{"message":"the full name for the type has been written to '/Users/patiphan/mtd/social_security_motocycle/backend/target/debug/deps/backend-3c82e8dada7dc95d.long-type-7250960296047533674.txt'","code":null,"level":"note","spans":[],"children":[],"rendered":null},{"message":"consider using `--verbose` to print the full type name to the console","code":null,"level":"note","spans":[],"children":[],"rendered":null}],"rendered":"\u001b[1m\u001b[91merror[E0277]\u001b[0m\u001b[1m: the trait bound `UserRole: AsExpression<UserRole>` is not satisfied\u001b[0m\n  \u001b[1m\u001b[94m--> \u001b[0msrc/infrastructure/db/models.rs:29:9\n   \u001b[1m\u001b[94m|\u001b[0m\n\u001b[1m\u001b[94m22\u001b[0m \u001b[1m\u001b[94m|\u001b[0m #[derive(Insertable)]\n   \u001b[1m\u001b[94m|\u001b[0m          \u001b[1m\u001b[94m----------\u001b[0m \u001b[1m\u001b[94min this derive macro expansion\u001b[0m\n\u001b[1m\u001b[94m...\u001b[0m\n\u001b[1m\u001b[94m29\u001b[0m \u001b[1m\u001b[94m|\u001b[0m     pub role: crate::schema::sql_types::UserRole,\n   \u001b[1m\u001b[94m|\u001b[0m         \u001b[1m\u001b[91m^^^^\u001b[0m \u001b[1m\u001b[91munsatisfied trait bound\u001b[0m\n   \u001b[1m\u001b[94m|\u001b[0m\n\u001b[1m\u001b[96mhelp\u001b[0m: the trait `AsExpression<UserRole>` is not implemented for `UserRole`\n  \u001b[1m\u001b[94m--> \u001b[0msrc/schema.rs:22:5\n   \u001b[1m\u001b[94m|\u001b[0m\n\u001b[1m\u001b[94m22\u001b[0m \u001b[1m\u001b[94m|\u001b[0m     pub struct UserRole;\n   \u001b[1m\u001b[94m|\u001b[0m     \u001b[1m\u001b[96m^^^^^^^^^^^^^^^^^^^\u001b[0m\n   \u001b[1m\u001b[94m= \u001b[0m\u001b[1mhelp\u001b[0m: the following other types implement trait `AsExpression<T>`:\n             `&'__expr Cents` implements `AsExpression<Money>`\n             `&'__expr Cents` implements `AsExpression<Nullable<Money>>`\n             `&'__expr MigrationVersion<'a>` implements `AsExpression<Nullable<diesel::sql_types::Text>>`\n             `&'__expr MigrationVersion<'a>` implements `AsExpression<diesel::sql_types::Text>`\n             `&'__expr NullValueTreatment` implements `AsExpression<NullValueTreatmentEnum>`\n             `&'__expr NullValueTreatment` implements `AsExpression<Nullable<NullValueTreatmentEnum>>`\n             `&'__expr PgDate` implements `AsExpression<Date>`\n             `&'__expr PgDate` implements `AsExpression<Nullable<Date>>`\n           and 294 others\n   \u001b[1m\u001b[94m= \u001b[0m\u001b[1mhelp\u001b[0m: see issue #48214\n   \u001b[1m\u001b[94m= \u001b[0m\u001b[1mnote\u001b[0m: the full name for the type has been written to '/Users/patiphan/mtd/social_security_motocycle/backend/target/debug/deps/backend-3c82e8dada7dc95d.long-type-7250960296047533674.txt'\n   \u001b[1m\u001b[94m= \u001b[0m\u001b[1mnote\u001b[0m: consider using `--verbose` to print the full type name to the console\n   \u001b[1m\u001b[94m= \u001b[0m\u001b[1mnote\u001b[0m: this error originates in the derive macro `Insertable` (in Nightly builds, run with -Z macro-backtrace for more info)\n\n"}
{"$message_type":"diagnostic","message":"`UserRole` doesn't implement `Debug`","code":{"code":"E0277","explanation":"You tried to use a type which doesn't implement some trait in a place which\nexpected that trait.\n\nErroneous code example:\n\n```compile_fail,E0277\n// here we declare the Foo trait with a bar method\ntrait Foo {\n    fn bar(&self);\n}\n\n// we now declare a function which takes an object implementing the Foo trait\nfn some_func<T: Foo>(foo: T) {\n    foo.bar();\n}\n\nfn main() {\n    // we now call the method with the i32 type, which doesn't implement\n    // the Foo trait\n    some_func(5i32); // error: the trait bound `i32 : Foo` is not satisfied\n}\n```\n\nIn order to fix this error, verify that the type you're using does implement\nthe trait. Example:\n\n```\ntrait Foo {\n    fn bar(&self);\n}\n\n// we implement the trait on the i32 type\nimpl Foo for i32 {\n    fn bar(&self) {}\n}\n\nfn some_func<T: Foo>(foo: T) {\n    foo.bar(); // we can now use this method since i32 implements the\n               // Foo trait\n}\n\nfn main() {\n    some_func(5i32); // ok!\n}\n```\n\nOr in a generic context, an erroneous code example would look like:\n\n```compile_fail,E0277\nfn some_func<T>(foo: T) {\n    println!(\"{:?}\", foo); // error: the trait `core::fmt::Debug` is not\n                           //        implemented for the type `T`\n}\n\nfn main() {\n    // We now call the method with the i32 type,\n    // which *does* implement the Debug trait.\n    some_func(5i32);\n}\n```\n\nNote that the error here is in the definition of the generic function. Although\nwe only call it with a parameter that does implement `Debug`, the compiler\nstill rejects the function. It must work with all possible input types. In\norder to make this example compile, we need to restrict the generic type we're\naccepting:\n\n```\nuse std::fmt;\n\n// Restrict the input type to types that implement Debug.\nfn some_func<T: fmt::Debug>(foo: T) {\n    println!(\"{:?}\", foo);\n}\n\nfn main() {\n    // Calling the method is still fine, as i32 implements Debug.\n    some_func(5i32);\n\n    // This would fail to compile now:\n    // struct WithoutDebug;\n    // some_func(WithoutDebug);\n}\n```\n\nRust only looks at the signature of the called function, as such it must\nalready specify all requirements that will be used for every type parameter.\n"},"level":"error","spans":[{"file_name":"src/infrastructure/db/models.rs","byte_start":780,"byte_end":824,"line_start":18,"line_end":18,"column_start":5,"column_end":49,"is_primary":true,"text":[{"text":"    pub role: crate::schema::sql_types::UserRole, // This might need a wrapper or defined struct if not auto-generated","highlight_start":5,"highlight_end":49}],"label":"the trait `Debug` is not implemented for `UserRole`","suggested_replacement":null,"suggestion_applicability":null,"expansion":{"span":{"file_name":"src/infrastructure/db/models.rs","byte_start":203,"byte_end":208,"line_start":6,"line_end":6,"column_start":33,"column_end":38,"is_primary":false,"text":[{"text":"#[derive(Queryable, Selectable, Debug, Clone, Serialize, Deserialize)]","highlight_start":33,"highlight_end":38}],"label":null,"suggested_replacement":null,"suggestion_applicability":null,"expansion":null},"macro_decl_name":"#[derive(Debug)]","def_site_span":{"file_name":"/Users/patiphan/.rustup/toolchains/stable-aarch64-apple-darwin/lib/rustlib/src/rust/library/core/src/fmt/mod.rs","byte_start":34336,"byte_end":34351,"line_start":913,"line_end":913,"column_start":5,"column_end":20,"is_primary":false,"text":[{"text":"    pub macro Debug($item:item) {","highlight_start":5,"highlight_end":20}],"label":null,"suggested_replacement":null,"suggestion_applicability":null,"expansion":null}}}],"children":[{"message":"add `#[derive(Debug)]` to `UserRole` or manually `impl Debug for UserRole`","code":null,"level":"note","spans":[],"children":[],"rendered":null},{"message":"consider annotating `UserRole` with `#[derive(Debug)]`","code":null,"level":"help","spans":[{"file_name":"src/schema.rs","byte_start":922,"byte_end":922,"line_start":22,"line_end":22,"column_start":5,"column_end":5,"is_primary":true,"text":[{"text":"    pub struct UserRole;","highlight_start":5,"highlight_end":5}],"label":null,"suggested_replacement":"#[derive(Debug)]\n","suggestion_applicability":"MaybeIncorrect","expansion":null}],"children":[],"rendered":null}],"rendered":"\u001b[1m\u001b[91merror[E0277]\u001b[0m\u001b[1m: `UserRole` doesn't implement `Debug`\u001b[0m\n  \u001b[1m\u001b[94m--> \u001b[0msrc/infrastructure/db/models.rs:18:5\n   \u001b[1m\u001b[94m|\u001b[0m\n \u001b[1m\u001b[94m6\u001b[0m \u001b[1m\u001b[94m|\u001b[0m #[derive(Queryable, Selectable, Debug, Clone, Serialize, Deserialize)]\n   \u001b[1m\u001b[94m|\u001b[0m                                 \u001b[1m\u001b[94m-----\u001b[0m \u001b[1m\u001b[94min this derive macro expansion\u001b[0m\n\u001b[1m\u001b[94m...\u001b[0m\n\u001b[1m\u001b[94m18\u001b[0m \u001b[1m\u001b[94m|\u001b[0m     pub role: crate::schema::sql_types::UserRole, // This might need a wrapper or defined struct if not auto-generated\n   \u001b[1m\u001b[94m|\u001b[0m     \u001b[1m\u001b[91m^^^^^^^^^^^^^^^^^^^^^^^^^^^^^^^^^^^^^^^^^^^^\u001b[0m \u001b[1m\u001b[91mthe trait `Debug` is not implemented for `UserRole`\u001b[0m\n   \u001b[1m\u001b[94m|\u001b[0m\n   \u001b[1m\u001b[94m= \u001b[0m\u001b[1mnote\u001b[0m: add `#[derive(Debug)]` to `UserRole` or manually `impl Debug for UserRole`\n\u001b[1m\u001b[96mhelp\u001b[0m: consider annotating `UserRole` with `#[derive(Debug)]`\n  \u001b[1m\u001b[94m--> \u001b[0msrc/schema.rs:22:5\n   \u001b[1m\u001b[94m|\u001b[0m\n\u001b[1m\u001b[94m22\u001b[0m \u001b[92m+ \u001b[0m    \u001b[92m#[derive(Debug)]\u001b[0m\n\u001b[1m\u001b[94m23\u001b[0m \u001b[1m\u001b[94m| \u001b[0m    pub struct UserRole;\n   \u001b[1m\u001b[94m|\u001b[0m\n\n"}
{"$message_type":"diagnostic","message":"the trait bound `UserRole: serde::Serialize` is not satisfied","code":{"code":"E0277","explanation":"You tried to use a type which doesn't implement some trait in a place which\nexpected that trait.\n\nErroneous code example:\n\n```compile_fail,E0277\n// here we declare the Foo trait with a bar method\ntrait Foo {\n    fn bar(&self);\n}\n\n// we now declare a function which takes an object implementing the Foo trait\nfn some_func<T: Foo>(foo: T) {\n    foo.bar();\n}\n\nfn main() {\n    // we now call the method with the i32 type, which doesn't implement\n    // the Foo trait\n    some_func(5i32); // error: the trait bound `i32 : Foo` is not satisfied\n}\n```\n\nIn order to fix this error, verify that the type you're using does implement\nthe trait. Example:\n\n```\ntrait Foo {\n    fn bar(&self);\n}\n\n// we implement the trait on the i32 type\nimpl Foo for i32 {\n    fn bar(&self) {}\n}\n\nfn some_func<T: Foo>(foo: T) {\n    foo.bar(); // we can now use this method since i32 implements the\n               // Foo trait\n}\n\nfn main() {\n    some_func(5i32); // ok!\n}\n```\n\nOr in a generic context, an erroneous code example would look like:\n\n```compile_fail,E0277\nfn some_func<T>(foo: T) {\n    println!(\"{:?}\", foo); // error: the trait `core::fmt::Debug` is not\n                           //        implemented for the type `T`\n}\n\nfn main() {\n    // We now call the method with the i32 type,\n    // which *does* implement the Debug trait.\n    some_func(5i32);\n}\n```\n\nNote that the error here is in the definition of the generic function. Although\nwe only call it with a parameter that does implement `Debug`, the compiler\nstill rejects the function. It must work with all possible input types. In\norder to make this example compile, we need to restrict the generic type we're\naccepting:\n\n```\nuse std::fmt;\n\n// Restrict the input type to types that implement Debug.\nfn some_func<T: fmt::Debug>(foo: T) {\n    println!(\"{:?}\", foo);\n}\n\nfn main() {\n    // Calling the method is still fine, as i32 implements Debug.\n    some_func(5i32);\n\n    // This would fail to compile now:\n    // struct WithoutDebug;\n    // some_func(WithoutDebug);\n}\n```\n\nRust only looks at the signature of the called function, as such it must\nalready specify all requirements that will be used for every type parameter.\n"},"level":"error","spans":[{"file_name":"src/infrastructure/db/models.rs","byte_start":217,"byte_end":226,"line_start":6,"line_end":6,"column_start":47,"column_end":56,"is_primary":true,"text":[{"text":"#[derive(Queryable, Selectable, Debug, Clone, Serialize, Deserialize)]","highlight_start":47,"highlight_end":56}],"label":"unsatisfied trait bound","suggested_replacement":null,"suggestion_applicability":null,"expansion":{"span":{"file_name":"src/infrastructure/db/models.rs","byte_start":217,"byte_end":226,"line_start":6,"line_end":6,"column_start":47,"column_end":56,"is_primary":false,"text":[{"text":"#[derive(Queryable, Selectable, Debug, Clone, Serialize, Deserialize)]","highlight_start":47,"highlight_end":56}],"label":null,"suggested_replacement":null,"suggestion_applicability":null,"expansion":null},"macro_decl_name":"#[derive(Serialize)]","def_site_span":{"file_name":"/Users/patiphan/.cargo/registry/src/index.crates.io-1949cf8c6b5b557f/serde_derive-1.0.228/src/lib.rs","byte_start":3101,"byte_end":3159,"line_start":114,"line_end":114,"column_start":1,"column_end":59,"is_primary":false,"text":[{"text":"pub fn derive_serialize(input: TokenStream) -> TokenStream {","highlight_start":1,"highlight_end":59}],"label":null,"suggested_replacement":null,"suggestion_applicability":null,"expansion":null}}},{"file_name":"src/infrastructure/db/models.rs","byte_start":780,"byte_end":783,"line_start":18,"line_end":18,"column_start":5,"column_end":8,"is_primary":false,"text":[{"text":"    pub role: crate::schema::sql_types::UserRole, // This might need a wrapper or defined struct if not auto-generated","highlight_start":5,"highlight_end":8}],"label":"required by a bound introduced by this call","suggested_replacement":null,"suggestion_applicability":null,"expansion":null}],"children":[{"message":"the trait `Serialize` is not implemented for `UserRole`","code":null,"level":"help","spans":[{"file_name":"src/schema.rs","byte_start":922,"byte_end":941,"line_start":22,"line_end":22,"column_start":5,"column_end":24,"is_primary":true,"text":[{"text":"    pub struct UserRole;","highlight_start":5,"highlight_end":24}],"label":null,"suggested_replacement":null,"suggestion_applicability":null,"expansion":null}],"children":[],"rendered":null},{"message":"for local types consider adding `#[derive(serde::Serialize)]` to your `UserRole` type","code":null,"level":"note","spans":[],"children":[],"rendered":null},{"message":"for types from other crates check whether the crate offers a `serde` feature flag","code":null,"level":"note","spans":[],"children":[],"rendered":null},{"message":"the following other types implement trait `Serialize`:\n  &'a T\n  &'a mut T\n  ()\n  (T,)\n  (T0, T1)\n  (T0, T1, T2)\n  (T0, T1, T2, T3)\n  (T0, T1, T2, T3, T4)\nand 138 others","code":null,"level":"help","spans":[],"children":[],"rendered":null},{"message":"required by a bound in `value_objects::_::_serde::ser::SerializeStruct::serialize_field`","code":null,"level":"note","spans":[{"file_name":"/Users/patiphan/.cargo/registry/src/index.crates.io-1949cf8c6b5b557f/serde_core-1.0.228/src/ser/mod.rs","byte_start":62575,"byte_end":62590,"line_start":1915,"line_end":1915,"column_start":8,"column_end":23,"is_primary":false,"text":[{"text":"    fn serialize_field<T>(&mut self, key: &'static str, value: &T) -> Result<(), Self::Error>","highlight_start":8,"highlight_end":23}],"label":"required by a bound in this associated function","suggested_replacement":null,"suggestion_applicability":null,"expansion":null},{"file_name":"/Users/patiphan/.cargo/registry/src/index.crates.io-1949cf8c6b5b557f/serde_core-1.0.228/src/ser/mod.rs","byte_start":62692,"byte_end":62701,"line_start":1917,"line_end":1917,"column_start":21,"column_end":30,"is_primary":true,"text":[{"text":"        T: ?Sized + Serialize;","highlight_start":21,"highlight_end":30}],"label":"required by this bound in `SerializeStruct::serialize_field`","suggested_replacement":null,"suggestion_applicability":null,"expansion":null}],"children":[],"rendered":null}],"rendered":"\u001b[1m\u001b[91merror[E0277]\u001b[0m\u001b[1m: the trait bound `UserRole: serde::Serialize` is not satisfied\u001b[0m\n    \u001b[1m\u001b[94m--> \u001b[0msrc/infrastructure/db/models.rs:6:47\n     \u001b[1m\u001b[94m|\u001b[0m\n   \u001b[1m\u001b[94m6\u001b[0m \u001b[1m\u001b[94m|\u001b[0m #[derive(Queryable, Selectable, Debug, Clone, Serialize, Deserialize)]\n     \u001b[1m\u001b[94m|\u001b[0m                                               \u001b[1m\u001b[91m^^^^^^^^^\u001b[0m \u001b[1m\u001b[91munsatisfied trait bound\u001b[0m\n\u001b[1m\u001b[94m...\u001b[0m\n  \u001b[1m\u001b[94m18\u001b[0m \u001b[1m\u001b[94m|\u001b[0m     pub role: crate::schema::sql_types::UserRole, // This might need a wrapper or defined struct if not auto-generated\n     \u001b[1m\u001b[94m|\u001b[0m     \u001b[1m\u001b[94m---\u001b[0m \u001b[1m\u001b[94mrequired by a bound introduced by this call\u001b[0m\n     \u001b[1m\u001b[94m|\u001b[0m\n\u001b[1m\u001b[96mhelp\u001b[0m: the trait `Serialize` is not implemented for `UserRole`\n    \u001b[1m\u001b[94m--> \u001b[0msrc/schema.rs:22:5\n     \u001b[1m\u001b[94m|\u001b[0m\n  \u001b[1m\u001b[94m22\u001b[0m \u001b[1m\u001b[94m|\u001b[0m     pub struct UserRole;\n     \u001b[1m\u001b[94m|\u001b[0m     \u001b[1m\u001b[96m^^^^^^^^^^^^^^^^^^^\u001b[0m\n     \u001b[1m\u001b[94m= \u001b[0m\u001b[1mnote\u001b[0m: for local types consider adding `#[derive(serde::Serialize)]` to your `UserRole` type\n     \u001b[1m\u001b[94m= \u001b[0m\u001b[1mnote\u001b[0m: for types from other crates check whether the crate offers a `serde` feature flag\n     \u001b[1m\u001b[94m= \u001b[0m\u001b[1mhelp\u001b[0m: the following other types implement trait `Serialize`:\n               &'a T\n               &'a mut T\n               ()\n               (T,)\n               (T0, T1)\n               (T0, T1, T2)\n               (T0, T1, T2, T3)\n               (T0, T1, T2, T3, T4)\n             and 138 others\n\u001b[1m\u001b[92mnote\u001b[0m: required by a bound in `value_objects::_::_serde::ser::SerializeStruct::serialize_field`\n    \u001b[1m\u001b[94m--> \u001b[0m/Users/patiphan/.cargo/registry/src/index.crates.io-1949cf8c6b5b557f/serde_core-1.0.228/src/ser/mod.rs:1917:21\n     \u001b[1m\u001b[94m|\u001b[0m\n\u001b[1m\u001b[94m1915\u001b[0m \u001b[1m\u001b[94m|\u001b[0m     fn serialize_field<T>(&mut self, key: &'static str, value: &T) -> Result<(), Self::Error>\n     \u001b[1m\u001b[94m|\u001b[0m        \u001b[1m\u001b[94m---------------\u001b[0m \u001b[1m\u001b[94mrequired by a bound in this associated function\u001b[0m\n\u001b[1m\u001b[94m1916\u001b[0m \u001b[1m\u001b[94m|\u001b[0m     where\n\u001b[1m\u001b[94m1917\u001b[0m \u001b[1m\u001b[94m|\u001b[0m         T: ?Sized + Serialize;\n     \u001b[1m\u001b[94m|\u001b[0m                     \u001b[1m\u001b[92m^^^^^^^^^\u001b[0m \u001b[1m\u001b[92mrequired by this bound in `SerializeStruct::serialize_field`\u001b[0m\n     \u001b[1m\u001b[94m= \u001b[0m\u001b[1mnote\u001b[0m: this error originates in the derive macro `Serialize` (in Nightly builds, run with -Z macro-backtrace for more info)\n\n"}
{"$message_type":"diagnostic","message":"the trait bound `UserRole: serde::Deserialize<'de>` is not satisfied","code":{"code":"E0277","explanation":"You tried to use a type which doesn't implement some trait in a place which\nexpected that trait.\n\nErroneous code example:\n\n```compile_fail,E0277\n// here we declare the Foo trait with a bar method\ntrait Foo {\n    fn bar(&self);\n}\n\n// we now declare a function which takes an object implementing the Foo trait\nfn some_func<T: Foo>(foo: T) {\n    foo.bar();\n}\n\nfn main() {\n    // we now call the method with the i32 type, which doesn't implement\n    // the Foo trait\n    some_func(5i32); // error: the trait bound `i32 : Foo` is not satisfied\n}\n```\n\nIn order to fix this error, verify that the type you're using does implement\nthe trait. Example:\n\n```\ntrait Foo {\n    fn bar(&self);\n}\n\n// we implement the trait on the i32 type\nimpl Foo for i32 {\n    fn bar(&self) {}\n}\n\nfn some_func<T: Foo>(foo: T) {\n    foo.bar(); // we can now use this method since i32 implements the\n               // Foo trait\n}\n\nfn main() {\n    some_func(5i32); // ok!\n}\n```\n\nOr in a generic context, an erroneous code example would look like:\n\n```compile_fail,E0277\nfn some_func<T>(foo: T) {\n    println!(\"{:?}\", foo); // error: the trait `core::fmt::Debug` is not\n                           //        implemented for the type `T`\n}\n\nfn main() {\n    // We now call the method with the i32 type,\n    // which *does* implement the Debug trait.\n    some_func(5i32);\n}\n```\n\nNote that the error here is in the definition of the generic function. Although\nwe only call it with a parameter that does implement `Debug`, the compiler\nstill rejects the function. It must work with all possible input types. In\norder to make this example compile, we need to restrict the generic type we're\naccepting:\n\n```\nuse std::fmt;\n\n// Restrict the input type to types that implement Debug.\nfn some_func<T: fmt::Debug>(foo: T) {\n    println!(\"{:?}\", foo);\n}\n\nfn main() {\n    // Calling the method is still fine, as i32 implements Debug.\n    some_func(5i32);\n\n    // This would fail to compile now:\n    // struct WithoutDebug;\n    // some_func(WithoutDebug);\n}\n```\n\nRust only looks at the signature of the called function, as such it must\nalready specify all requirements that will be used for every type parameter.\n"},"level":"error","spans":[{"file_name":"src/infrastructure/db/models.rs","byte_start":790,"byte_end":824,"line_start":18,"line_end":18,"column_start":15,"column_end":49,"is_primary":true,"text":[{"text":"    pub role: crate::schema::sql_types::UserRole, // This might need a wrapper or defined struct if not auto-generated","highlight_start":15,"highlight_end":49}],"label":"unsatisfied trait bound","suggested_replacement":null,"suggestion_applicability":null,"expansion":null}],"children":[{"message":"the trait `Deserialize<'_>` is not implemented for `UserRole`","code":null,"level":"help","spans":[{"file_name":"src/schema.rs","byte_start":922,"byte_end":941,"line_start":22,"line_end":22,"column_start":5,"column_end":24,"is_primary":true,"text":[{"text":"    pub struct UserRole;","highlight_start":5,"highlight_end":24}],"label":null,"suggested_replacement":null,"suggestion_applicability":null,"expansion":null}],"children":[],"rendered":null},{"message":"for local types consider adding `#[derive(serde::Deserialize)]` to your `UserRole` type","code":null,"level":"note","spans":[],"children":[],"rendered":null},{"message":"for types from other crates check whether the crate offers a `serde` feature flag","code":null,"level":"note","spans":[],"children":[],"rendered":null},{"message":"the following other types implement trait `Deserialize<'de>`:\n  &'a Path\n  &'a [u8]\n  &'a serde_json::value::RawValue\n  &'a str\n  ()\n  (T,)\n  (T0, T1)\n  (T0, T1, T2)\nand 152 others","code":null,"level":"help","spans":[],"children":[],"rendered":null},{"message":"required by a bound in `next_element`","code":null,"level":"note","spans":[{"file_name":"/Users/patiphan/.cargo/registry/src/index.crates.io-1949cf8c6b5b557f/serde_core-1.0.228/src/de/mod.rs","byte_start":63908,"byte_end":63920,"line_start":1769,"line_end":1769,"column_start":8,"column_end":20,"is_primary":false,"text":[{"text":"    fn next_element<T>(&mut self) -> Result<Option<T>, Self::Error>","highlight_start":8,"highlight_end":20}],"label":"required by a bound in this associated function","suggested_replacement":null,"suggestion_applicability":null,"expansion":null},{"file_name":"/Users/patiphan/.cargo/registry/src/index.crates.io-1949cf8c6b5b557f/serde_core-1.0.228/src/de/mod.rs","byte_start":63990,"byte_end":64006,"line_start":1771,"line_end":1771,"column_start":12,"column_end":28,"is_primary":true,"text":[{"text":"        T: Deserialize<'de>,","highlight_start":12,"highlight_end":28}],"label":"required by this bound in `SeqAccess::next_element`","suggested_replacement":null,"suggestion_applicability":null,"expansion":null}],"children":[],"rendered":null}],"rendered":"\u001b[1m\u001b[91merror[E0277]\u001b[0m\u001b[1m: the trait bound `UserRole: serde::Deserialize<'de>` is not satisfied\u001b[0m\n    \u001b[1m\u001b[94m--> \u001b[0msrc/infrastructure/db/models.rs:18:15\n     \u001b[1m\u001b[94m|\u001b[0m\n  \u001b[1m\u001b[94m18\u001b[0m \u001b[1m\u001b[94m|\u001b[0m     pub role: crate::schema::sql_types::UserRole, // This might need a wrapper or defined struct if not auto-generated\n     \u001b[1m\u001b[94m|\u001b[0m               \u001b[1m\u001b[91m^^^^^^^^^^^^^^^^^^^^^^^^^^^^^^^^^^\u001b[0m \u001b[1m\u001b[91munsatisfied trait bound\u001b[0m\n     \u001b[1m\u001b[94m|\u001b[0m\n\u001b[1m\u001b[96mhelp\u001b[0m: the trait `Deserialize<'_>` is not implemented for `UserRole`\n    \u001b[1m\u001b[94m--> \u001b[0msrc/schema.rs:22:5\n     \u001b[1m\u001b[94m|\u001b[0m\n  \u001b[1m\u001b[94m22\u001b[0m \u001b[1m\u001b[94m|\u001b[0m     pub struct UserRole;\n     \u001b[1m\u001b[94m|\u001b[0m     \u001b[1m\u001b[96m^^^^^^^^^^^^^^^^^^^\u001b[0m\n     \u001b[1m\u001b[94m= \u001b[0m\u001b[1mnote\u001b[0m: for local types consider adding `#[derive(serde::Deserialize)]` to your `UserRole` type\n     \u001b[1m\u001b[94m= \u001b[0m\u001b[1mnote\u001b[0m: for types from other crates check whether the crate offers a `serde` feature flag\n     \u001b[1m\u001b[94m= \u001b[0m\u001b[1mhelp\u001b[0m: the following other types implement trait `Deserialize<'de>`:\n               &'a Path\n               &'a [u8]\n               &'a serde_json::value::RawValue\n               &'a str\n               ()\n               (T,)\n               (T0, T1)\n               (T0, T1, T2)\n             and 152 others\n\u001b[1m\u001b[92mnote\u001b[0m: required by a bound in `next_element`\n    \u001b[1m\u001b[94m--> \u001b[0m/Users/patiphan/.cargo/registry/src/index.crates.io-1949cf8c6b5b557f/serde_core-1.0.228/src/de/mod.rs:1771:12\n     \u001b[1m\u001b[94m|\u001b[0m\n\u001b[1m\u001b[94m1769\u001b[0m \u001b[1m\u001b[94m|\u001b[0m     fn next_element<T>(&mut self) -> Result<Option<T>, Self::Error>\n     \u001b[1m\u001b[94m|\u001b[0m        \u001b[1m\u001b[94m------------\u001b[0m \u001b[1m\u001b[94mrequired by a bound in this associated function\u001b[0m\n\u001b[1m\u001b[94m1770\u001b[0m \u001b[1m\u001b[94m|\u001b[0m     where\n\u001b[1m\u001b[94m1771\u001b[0m \u001b[1m\u001b[94m|\u001b[0m         T: Deserialize<'de>,\n     \u001b[1m\u001b[94m|\u001b[0m            \u001b[1m\u001b[92m^^^^^^^^^^^^^^^^\u001b[0m \u001b[1m\u001b[92mrequired by this bound in `SeqAccess::next_element`\u001b[0m\n\n"}
{"$message_type":"diagnostic","message":"the trait bound `UserRole: serde::Deserialize<'de>` is not satisfied","code":{"code":"E0277","explanation":"You tried to use a type which doesn't implement some trait in a place which\nexpected that trait.\n\nErroneous code example:\n\n```compile_fail,E0277\n// here we declare the Foo trait with a bar method\ntrait Foo {\n    fn bar(&self);\n}\n\n// we now declare a function which takes an object implementing the Foo trait\nfn some_func<T: Foo>(foo: T) {\n    foo.bar();\n}\n\nfn main() {\n    // we now call the method with the i32 type, which doesn't implement\n    // the Foo trait\n    some_func(5i32); // error: the trait bound `i32 : Foo` is not satisfied\n}\n```\n\nIn order to fix this error, verify that the type you're using does implement\nthe trait. Example:\n\n```\ntrait Foo {\n    fn bar(&self);\n}\n\n// we implement the trait on the i32 type\nimpl Foo for i32 {\n    fn bar(&self) {}\n}\n\nfn some_func<T: Foo>(foo: T) {\n    foo.bar(); // we can now use this method since i32 implements the\n               // Foo trait\n}\n\nfn main() {\n    some_func(5i32); // ok!\n}\n```\n\nOr in a generic context, an erroneous code example would look like:\n\n```compile_fail,E0277\nfn some_func<T>(foo: T) {\n    println!(\"{:?}\", foo); // error: the trait `core::fmt::Debug` is not\n                           //        implemented for the type `T`\n}\n\nfn main() {\n    // We now call the method with the i32 type,\n    // which *does* implement the Debug trait.\n    some_func(5i32);\n}\n```\n\nNote that the error here is in the definition of the generic function. Although\nwe only call it with a parameter that does implement `Debug`, the compiler\nstill rejects the function. It must work with all possible input types. In\norder to make this example compile, we need to restrict the generic type we're\naccepting:\n\n```\nuse std::fmt;\n\n// Restrict the input type to types that implement Debug.\nfn some_func<T: fmt::Debug>(foo: T) {\n    println!(\"{:?}\", foo);\n}\n\nfn main() {\n    // Calling the method is still fine, as i32 implements Debug.\n    some_func(5i32);\n\n    // This would fail to compile now:\n    // struct WithoutDebug;\n    // some_func(WithoutDebug);\n}\n```\n\nRust only looks at the signature of the called function, as such it must\nalready specify all requirements that will be used for every type parameter.\n"},"level":"error","spans":[{"file_name":"src/infrastructure/db/models.rs","byte_start":790,"byte_end":824,"line_start":18,"line_end":18,"column_start":15,"column_end":49,"is_primary":true,"text":[{"text":"    pub role: crate::schema::sql_types::UserRole, // This might need a wrapper or defined struct if not auto-generated","highlight_start":15,"highlight_end":49}],"label":"unsatisfied trait bound","suggested_replacement":null,"suggestion_applicability":null,"expansion":null}],"children":[{"message":"the trait `Deserialize<'_>` is not implemented for `UserRole`","code":null,"level":"help","spans":[{"file_name":"src/schema.rs","byte_start":922,"byte_end":941,"line_start":22,"line_end":22,"column_start":5,"column_end":24,"is_primary":true,"text":[{"text":"    pub struct UserRole;","highlight_start":5,"highlight_end":24}],"label":null,"suggested_replacement":null,"suggestion_applicability":null,"expansion":null}],"children":[],"rendered":null},{"message":"for local types consider adding `#[derive(serde::Deserialize)]` to your `UserRole` type","code":null,"level":"note","spans":[],"children":[],"rendered":null},{"message":"for types from other crates check whether the crate offers a `serde` feature flag","code":null,"level":"note","spans":[],"children":[],"rendered":null},{"message":"the following other types implement trait `Deserialize<'de>`:\n  &'a Path\n  &'a [u8]\n  &'a serde_json::value::RawValue\n  &'a str\n  ()\n  (T,)\n  (T0, T1)\n  (T0, T1, T2)\nand 152 others","code":null,"level":"help","spans":[],"children":[],"rendered":null},{"message":"required by a bound in `next_value`","code":null,"level":"note","spans":[{"file_name":"/Users/patiphan/.cargo/registry/src/index.crates.io-1949cf8c6b5b557f/serde_core-1.0.228/src/de/mod.rs","byte_start":68496,"byte_end":68506,"line_start":1914,"line_end":1914,"column_start":8,"column_end":18,"is_primary":false,"text":[{"text":"    fn next_value<V>(&mut self) -> Result<V, Self::Error>","highlight_start":8,"highlight_end":18}],"label":"required by a bound in this associated function","suggested_replacement":null,"suggestion_applicability":null,"expansion":null},{"file_name":"/Users/patiphan/.cargo/registry/src/index.crates.io-1949cf8c6b5b557f/serde_core-1.0.228/src/de/mod.rs","byte_start":68568,"byte_end":68584,"line_start":1916,"line_end":1916,"column_start":12,"column_end":28,"is_primary":true,"text":[{"text":"        V: Deserialize<'de>,","highlight_start":12,"highlight_end":28}],"label":"required by this bound in `MapAccess::next_value`","suggested_replacement":null,"suggestion_applicability":null,"expansion":null}],"children":[],"rendered":null}],"rendered":"\u001b[1m\u001b[91merror[E0277]\u001b[0m\u001b[1m: the trait bound `UserRole: serde::Deserialize<'de>` is not satisfied\u001b[0m\n    \u001b[1m\u001b[94m--> \u001b[0msrc/infrastructure/db/models.rs:18:15\n     \u001b[1m\u001b[94m|\u001b[0m\n  \u001b[1m\u001b[94m18\u001b[0m \u001b[1m\u001b[94m|\u001b[0m     pub role: crate::schema::sql_types::UserRole, // This might need a wrapper or defined struct if not auto-generated\n     \u001b[1m\u001b[94m|\u001b[0m               \u001b[1m\u001b[91m^^^^^^^^^^^^^^^^^^^^^^^^^^^^^^^^^^\u001b[0m \u001b[1m\u001b[91munsatisfied trait bound\u001b[0m\n     \u001b[1m\u001b[94m|\u001b[0m\n\u001b[1m\u001b[96mhelp\u001b[0m: the trait `Deserialize<'_>` is not implemented for `UserRole`\n    \u001b[1m\u001b[94m--> \u001b[0msrc/schema.rs:22:5\n     \u001b[1m\u001b[94m|\u001b[0m\n  \u001b[1m\u001b[94m22\u001b[0m \u001b[1m\u001b[94m|\u001b[0m     pub struct UserRole;\n     \u001b[1m\u001b[94m|\u001b[0m     \u001b[1m\u001b[96m^^^^^^^^^^^^^^^^^^^\u001b[0m\n     \u001b[1m\u001b[94m= \u001b[0m\u001b[1mnote\u001b[0m: for local types consider adding `#[derive(serde::Deserialize)]` to your `UserRole` type\n     \u001b[1m\u001b[94m= \u001b[0m\u001b[1mnote\u001b[0m: for types from other crates check whether the crate offers a `serde` feature flag\n     \u001b[1m\u001b[94m= \u001b[0m\u001b[1mhelp\u001b[0m: the following other types implement trait `Deserialize<'de>`:\n               &'a Path\n               &'a [u8]\n               &'a serde_json::value::RawValue\n               &'a str\n               ()\n               (T,)\n               (T0, T1)\n               (T0, T1, T2)\n             and 152 others\n\u001b[1m\u001b[92mnote\u001b[0m: required by a bound in `next_value`\n    \u001b[1m\u001b[94m--> \u001b[0m/Users/patiphan/.cargo/registry/src/index.crates.io-1949cf8c6b5b557f/serde_core-1.0.228/src/de/mod.rs:1916:12\n     \u001b[1m\u001b[94m|\u001b[0m\n\u001b[1m\u001b[94m1914\u001b[0m \u001b[1m\u001b[94m|\u001b[0m     fn next_value<V>(&mut self) -> Result<V, Self::Error>\n     \u001b[1m\u001b[94m|\u001b[0m        \u001b[1m\u001b[94m----------\u001b[0m \u001b[1m\u001b[94mrequired by a bound in this associated function\u001b[0m\n\u001b[1m\u001b[94m1915\u001b[0m \u001b[1m\u001b[94m|\u001b[0m     where\n\u001b[1m\u001b[94m1916\u001b[0m \u001b[1m\u001b[94m|\u001b[0m         V: Deserialize<'de>,\n     \u001b[1m\u001b[94m|\u001b[0m            \u001b[1m\u001b[92m^^^^^^^^^^^^^^^^\u001b[0m \u001b[1m\u001b[92mrequired by this bound in `MapAccess::next_value`\u001b[0m\n\n"}
{"$message_type":"diagnostic","message":"the trait bound `UserRole: serde::Deserialize<'de>` is not satisfied","code":{"code":"E0277","explanation":"You tried to use a type which doesn't implement some trait in a place which\nexpected that trait.\n\nErroneous code example:\n\n```compile_fail,E0277\n// here we declare the Foo trait with a bar method\ntrait Foo {\n    fn bar(&self);\n}\n\n// we now declare a function which takes an object implementing the Foo trait\nfn some_func<T: Foo>(foo: T) {\n    foo.bar();\n}\n\nfn main() {\n    // we now call the method with the i32 type, which doesn't implement\n    // the Foo trait\n    some_func(5i32); // error: the trait bound `i32 : Foo` is not satisfied\n}\n```\n\nIn order to fix this error, verify that the type you're using does implement\nthe trait. Example:\n\n```\ntrait Foo {\n    fn bar(&self);\n}\n\n// we implement the trait on the i32 type\nimpl Foo for i32 {\n    fn bar(&self) {}\n}\n\nfn some_func<T: Foo>(foo: T) {\n    foo.bar(); // we can now use this method since i32 implements the\n               // Foo trait\n}\n\nfn main() {\n    some_func(5i32); // ok!\n}\n```\n\nOr in a generic context, an erroneous code example would look like:\n\n```compile_fail,E0277\nfn some_func<T>(foo: T) {\n    println!(\"{:?}\", foo); // error: the trait `core::fmt::Debug` is not\n                           //        implemented for the type `T`\n}\n\nfn main() {\n    // We now call the method with the i32 type,\n    // which *does* implement the Debug trait.\n    some_func(5i32);\n}\n```\n\nNote that the error here is in the definition of the generic function. Although\nwe only call it with a parameter that does implement `Debug`, the compiler\nstill rejects the function. It must work with all possible input types. In\norder to make this example compile, we need to restrict the generic type we're\naccepting:\n\n```\nuse std::fmt;\n\n// Restrict the input type to types that implement Debug.\nfn some_func<T: fmt::Debug>(foo: T) {\n    println!(\"{:?}\", foo);\n}\n\nfn main() {\n    // Calling the method is still fine, as i32 implements Debug.\n    some_func(5i32);\n\n    // This would fail to compile now:\n    // struct WithoutDebug;\n    // some_func(WithoutDebug);\n}\n```\n\nRust only looks at the signature of the called function, as such it must\nalready specify all requirements that will be used for every type parameter.\n"},"level":"error","spans":[{"file_name":"src/infrastructure/db/models.rs","byte_start":228,"byte_end":239,"line_start":6,"line_end":6,"column_start":58,"column_end":69,"is_primary":true,"text":[{"text":"#[derive(Queryable, Selectable, Debug, Clone, Serialize, Deserialize)]","highlight_start":58,"highlight_end":69}],"label":"unsatisfied trait bound","suggested_replacement":null,"suggestion_applicability":null,"expansion":{"span":{"file_name":"src/infrastructure/db/models.rs","byte_start":228,"byte_end":239,"line_start":6,"line_end":6,"column_start":58,"column_end":69,"is_primary":false,"text":[{"text":"#[derive(Queryable, Selectable, Debug, Clone, Serialize, Deserialize)]","highlight_start":58,"highlight_end":69}],"label":null,"suggested_replacement":null,"suggestion_applicability":null,"expansion":null},"macro_decl_name":"#[derive(Deserialize)]","def_site_span":{"file_name":"/Users/patiphan/.cargo/registry/src/index.crates.io-1949cf8c6b5b557f/serde_derive-1.0.228/src/lib.rs","byte_start":3397,"byte_end":3457,"line_start":122,"line_end":122,"column_start":1,"column_end":61,"is_primary":false,"text":[{"text":"pub fn derive_deserialize(input: TokenStream) -> TokenStream {","highlight_start":1,"highlight_end":61}],"label":null,"suggested_replacement":null,"suggestion_applicability":null,"expansion":null}}}],"children":[{"message":"the trait `Deserialize<'_>` is not implemented for `UserRole`","code":null,"level":"help","spans":[{"file_name":"src/schema.rs","byte_start":922,"byte_end":941,"line_start":22,"line_end":22,"column_start":5,"column_end":24,"is_primary":true,"text":[{"text":"    pub struct UserRole;","highlight_start":5,"highlight_end":24}],"label":null,"suggested_replacement":null,"suggestion_applicability":null,"expansion":null}],"children":[],"rendered":null},{"message":"for local types consider adding `#[derive(serde::Deserialize)]` to your `UserRole` type","code":null,"level":"note","spans":[],"children":[],"rendered":null},{"message":"for types from other crates check whether the crate offers a `serde` feature flag","code":null,"level":"note","spans":[],"children":[],"rendered":null},{"message":"the following other types implement trait `Deserialize<'de>`:\n  &'a Path\n  &'a [u8]\n  &'a serde_json::value::RawValue\n  &'a str\n  ()\n  (T,)\n  (T0, T1)\n  (T0, T1, T2)\nand 152 others","code":null,"level":"help","spans":[],"children":[],"rendered":null},{"message":"required by a bound in `value_objects::_::_serde::__private228::de::missing_field`","code":null,"level":"note","spans":[{"file_name":"/Users/patiphan/.cargo/registry/src/index.crates.io-1949cf8c6b5b557f/serde-1.0.228/src/private/de.rs","byte_start":837,"byte_end":850,"line_start":24,"line_end":24,"column_start":8,"column_end":21,"is_primary":false,"text":[{"text":"pub fn missing_field<'de, V, E>(field: &'static str) -> Result<V, E>","highlight_start":8,"highlight_end":21}],"label":"required by a bound in this function","suggested_replacement":null,"suggestion_applicability":null,"expansion":null},{"file_name":"/Users/patiphan/.cargo/registry/src/index.crates.io-1949cf8c6b5b557f/serde-1.0.228/src/private/de.rs","byte_start":912,"byte_end":928,"line_start":26,"line_end":26,"column_start":8,"column_end":24,"is_primary":true,"text":[{"text":"    V: Deserialize<'de>,","highlight_start":8,"highlight_end":24}],"label":"required by this bound in `missing_field`","suggested_replacement":null,"suggestion_applicability":null,"expansion":null}],"children":[],"rendered":null}],"rendered":"\u001b[1m\u001b[91merror[E0277]\u001b[0m\u001b[1m: the trait bound `UserRole: serde::Deserialize<'de>` is not satisfied\u001b[0m\n  \u001b[1m\u001b[94m--> \u001b[0msrc/infrastructure/db/models.rs:6:58\n   \u001b[1m\u001b[94m|\u001b[0m\n \u001b[1m\u001b[94m6\u001b[0m \u001b[1m\u001b[94m|\u001b[0m #[derive(Queryable, Selectable, Debug, Clone, Serialize, Deserialize)]\n   \u001b[1m\u001b[94m|\u001b[0m                                                          \u001b[1m\u001b[91m^^^^^^^^^^^\u001b[0m \u001b[1m\u001b[91munsatisfied trait bound\u001b[0m\n   \u001b[1m\u001b[94m|\u001b[0m\n\u001b[1m\u001b[96mhelp\u001b[0m: the trait `Deserialize<'_>` is not implemented for `UserRole`\n  \u001b[1m\u001b[94m--> \u001b[0msrc/schema.rs:22:5\n   \u001b[1m\u001b[94m|\u001b[0m\n\u001b[1m\u001b[94m22\u001b[0m \u001b[1m\u001b[94m|\u001b[0m     pub struct UserRole;\n   \u001b[1m\u001b[94m|\u001b[0m     \u001b[1m\u001b[96m^^^^^^^^^^^^^^^^^^^\u001b[0m\n   \u001b[1m\u001b[94m= \u001b[0m\u001b[1mnote\u001b[0m: for local types consider adding `#[derive(serde::Deserialize)]` to your `UserRole` type\n   \u001b[1m\u001b[94m= \u001b[0m\u001b[1mnote\u001b[0m: for types from other crates check whether the crate offers a `serde` feature flag\n   \u001b[1m\u001b[94m= \u001b[0m\u001b[1mhelp\u001b[0m: the following other types implement trait `Deserialize<'de>`:\n             &'a Path\n             &'a [u8]\n             &'a serde_json::value::RawValue\n             &'a str\n             ()\n             (T,)\n             (T0, T1)\n             (T0, T1, T2)\n           and 152 others\n\u001b[1m\u001b[92mnote\u001b[0m: required by a bound in `value_objects::_::_serde::__private228::de::missing_field`\n  \u001b[1m\u001b[94m--> \u001b[0m/Users/patiphan/.cargo/registry/src/index.crates.io-1949cf8c6b5b557f/serde-1.0.228/src/private/de.rs:26:8\n   \u001b[1m\u001b[94m|\u001b[0m\n\u001b[1m\u001b[94m24\u001b[0m \u001b[1m\u001b[94m|\u001b[0m pub fn missing_field<'de, V, E>(field: &'static str) -> Result<V, E>\n   \u001b[1m\u001b[94m|\u001b[0m        \u001b[1m\u001b[94m-------------\u001b[0m \u001b[1m\u001b[94mrequired by a bound in this function\u001b[0m\n\u001b[1m\u001b[94m25\u001b[0m \u001b[1m\u001b[94m|\u001b[0m where\n\u001b[1m\u001b[94m26\u001b[0m \u001b[1m\u001b[94m|\u001b[0m     V: Deserialize<'de>,\n   \u001b[1m\u001b[94m|\u001b[0m        \u001b[1m\u001b[92m^^^^^^^^^^^^^^^^\u001b[0m \u001b[1m\u001b[92mrequired by this bound in `missing_field`\u001b[0m\n   \u001b[1m\u001b[94m= \u001b[0m\u001b[1mnote\u001b[0m: this error originates in the derive macro `Deserialize` (in Nightly builds, run with -Z macro-backtrace for more info)\n\n"}
{"$message_type":"diagnostic","message":"failed to resolve: use of unresolved module or unlinked crate `chrono`","code":{"code":"E0433","explanation":"An undeclared crate, module, or type was used.\n\nErroneous code example:\n\n```compile_fail,E0433\nlet map = HashMap::new();\n// error: failed to resolve: use of undeclared type `HashMap`\n```\n\nPlease verify you didn't misspell the type/module's name or that you didn't\nforget to import it:\n\n```\nuse std::collections::HashMap; // HashMap has been imported.\nlet map: HashMap<u32, u32> = HashMap::new(); // So it can be used!\n```\n\nIf you've expected to use a crate name:\n\n```compile_fail\nuse ferris_wheel::BigO;\n// error: failed to resolve: use of undeclared module or unlinked crate\n```\n\nMake sure the crate has been added as a dependency in `Cargo.toml`.\n\nTo use a module from your current crate, add the `crate::` prefix to the path.\n"},"level":"error","spans":[{"file_name":"src/infrastructure/db/models.rs","byte_start":915,"byte_end":921,"line_start":19,"line_end":19,"column_start":21,"column_end":27,"is_primary":true,"text":[{"text":"    pub created_at: chrono::DateTime<chrono::Utc>,","highlight_start":21,"highlight_end":27}],"label":"use of unresolved module or unlinked crate `chrono`","suggested_replacement":null,"suggestion_applicability":null,"expansion":null}],"children":[{"message":"if you wanted to use a crate named `chrono`, use `cargo add chrono` to add it to your `Cargo.toml`","code":null,"level":"help","spans":[],"children":[],"rendered":null}],"rendered":"\u001b[1m\u001b[91merror[E0433]\u001b[0m\u001b[1m: failed to resolve: use of unresolved module or unlinked crate `chrono`\u001b[0m\n  \u001b[1m\u001b[94m--> \u001b[0msrc/infrastructure/db/models.rs:19:21\n   \u001b[1m\u001b[94m|\u001b[0m\n\u001b[1m\u001b[94m19\u001b[0m \u001b[1m\u001b[94m|\u001b[0m     pub created_at: chrono::DateTime<chrono::Utc>,\n   \u001b[1m\u001b[94m|\u001b[0m                     \u001b[1m\u001b[91m^^^^^^\u001b[0m \u001b[1m\u001b[91muse of unresolved module or unlinked crate `chrono`\u001b[0m\n   \u001b[1m\u001b[94m|\u001b[0m\n   \u001b[1m\u001b[94m= \u001b[0m\u001b[1mhelp\u001b[0m: if you wanted to use a crate named `chrono`, use `cargo add chrono` to add it to your `Cargo.toml`\n\n"}
{"$message_type":"diagnostic","message":"failed to resolve: use of unresolved module or unlinked crate `chrono`","code":{"code":"E0433","explanation":"An undeclared crate, module, or type was used.\n\nErroneous code example:\n\n```compile_fail,E0433\nlet map = HashMap::new();\n// error: failed to resolve: use of undeclared type `HashMap`\n```\n\nPlease verify you didn't misspell the type/module's name or that you didn't\nforget to import it:\n\n```\nuse std::collections::HashMap; // HashMap has been imported.\nlet map: HashMap<u32, u32> = HashMap::new(); // So it can be used!\n```\n\nIf you've expected to use a crate name:\n\n```compile_fail\nuse ferris_wheel::BigO;\n// error: failed to resolve: use of undeclared module or unlinked crate\n```\n\nMake sure the crate has been added as a dependency in `Cargo.toml`.\n\nTo use a module from your current crate, add the `crate::` prefix to the path.\n"},"level":"error","spans":[{"file_name":"src/infrastructure/db/models.rs","byte_start":932,"byte_end":938,"line_start":19,"line_end":19,"column_start":38,"column_end":44,"is_primary":true,"text":[{"text":"    pub created_at: chrono::DateTime<chrono::Utc>,","highlight_start":38,"highlight_end":44}],"label":"use of unresolved module or unlinked crate `chrono`","suggested_replacement":null,"suggestion_applicability":null,"expansion":null}],"children":[{"message":"if you wanted to use a crate named `chrono`, use `cargo add chrono` to add it to your `Cargo.toml`","code":null,"level":"help","spans":[],"children":[],"rendered":null}],"rendered":"\u001b[1m\u001b[91merror[E0433]\u001b[0m\u001b[1m: failed to resolve: use of unresolved module or unlinked crate `chrono`\u001b[0m\n  \u001b[1m\u001b[94m--> \u001b[0msrc/infrastructure/db/models.rs:19:38\n   \u001b[1m\u001b[94m|\u001b[0m\n\u001b[1m\u001b[94m19\u001b[0m \u001b[1m\u001b[94m|\u001b[0m     pub created_at: chrono::DateTime<chrono::Utc>,\n   \u001b[1m\u001b[94m|\u001b[0m                                      \u001b[1m\u001b[91m^^^^^^\u001b[0m \u001b[1m\u001b[91muse of unresolved module or unlinked crate `chrono`\u001b[0m\n   \u001b[1m\u001b[94m|\u001b[0m\n   \u001b[1m\u001b[94m= \u001b[0m\u001b[1mhelp\u001b[0m: if you wanted to use a crate named `chrono`, use `cargo add chrono` to add it to your `Cargo.toml`\n\n"}
{"$message_type":"diagnostic","message":"aborting due to 12 previous errors; 5 warnings emitted","code":null,"level":"error","spans":[],"children":[],"rendered":"\u001b[1m\u001b[91merror\u001b[0m\u001b[1m: aborting due to 12 previous errors; 5 warnings emitted\u001b[0m\n\n"}
{"$message_type":"diagnostic","message":"Some errors have detailed explanations: E0277, E0433, E0583.","code":null,"level":"failure-note","spans":[],"children":[],"rendered":"\u001b[1mSome errors have detailed explanations: E0277, E0433, E0583.\u001b[0m\n"}
{"$message_type":"diagnostic","message":"For more information about an error, try `rustc --explain E0277`.","code":null,"level":"failure-note","spans":[],"children":[],"rendered":"\u001b[1mFor more information about an error, try `rustc --explain E0277`.\u001b[0m\n"}
