{"$message_type":"diagnostic","message":"the name `models` is defined multiple times","code":{"code":"E0428","explanation":"A type or module has been defined more than once.\n\nErroneous code example:\n\n```compile_fail,E0428\nstruct Bar;\nstruct Bar; // error: duplicate definition of value `Bar`\n```\n\nPlease verify you didn't misspell the type/module's name or remove/rename the\nduplicated one. Example:\n\n```\nstruct Bar;\nstruct Bar2; // ok!\n```\n"},"level":"error","spans":[{"file_name":"src/infrastructure/db/mod.rs","byte_start":36,"byte_end":51,"line_start":3,"line_end":3,"column_start":1,"column_end":16,"is_primary":true,"text":[{"text":"pub mod models;","highlight_start":1,"highlight_end":16}],"label":"`models` redefined here","suggested_replacement":null,"suggestion_applicability":null,"expansion":null},{"file_name":"src/infrastructure/db/mod.rs","byte_start":20,"byte_end":35,"line_start":2,"line_end":2,"column_start":1,"column_end":16,"is_primary":false,"text":[{"text":"pub mod models;","highlight_start":1,"highlight_end":16}],"label":"previous definition of the module `models` here","suggested_replacement":null,"suggestion_applicability":null,"expansion":null}],"children":[{"message":"`models` must be defined only once in the type namespace of this module","code":null,"level":"note","spans":[],"children":[],"rendered":null}],"rendered":"\u001b[1m\u001b[91merror[E0428]\u001b[0m\u001b[1m: the name `models` is defined multiple times\u001b[0m\n \u001b[1m\u001b[94m--> \u001b[0msrc/infrastructure/db/mod.rs:3:1\n  \u001b[1m\u001b[94m|\u001b[0m\n\u001b[1m\u001b[94m2\u001b[0m \u001b[1m\u001b[94m|\u001b[0m pub mod models;\n  \u001b[1m\u001b[94m|\u001b[0m \u001b[1m\u001b[94m---------------\u001b[0m \u001b[1m\u001b[94mprevious definition of the module `models` here\u001b[0m\n\u001b[1m\u001b[94m3\u001b[0m \u001b[1m\u001b[94m|\u001b[0m pub mod models;\n  \u001b[1m\u001b[94m|\u001b[0m \u001b[1m\u001b[91m^^^^^^^^^^^^^^^\u001b[0m \u001b[1m\u001b[91m`models` redefined here\u001b[0m\n  \u001b[1m\u001b[94m|\u001b[0m\n  \u001b[1m\u001b[94m= \u001b[0m\u001b[1mnote\u001b[0m: `models` must be defined only once in the type namespace of this module\n\n"}
{"$message_type":"diagnostic","message":"unused import: `entity::OrderStatus`","code":{"code":"unused_imports","explanation":null},"level":"warning","spans":[{"file_name":"src/domain/service/mod.rs","byte_start":25,"byte_end":44,"line_start":3,"line_end":3,"column_start":9,"column_end":28,"is_primary":true,"text":[{"text":"pub use entity::OrderStatus;","highlight_start":9,"highlight_end":28}],"label":null,"suggested_replacement":null,"suggestion_applicability":null,"expansion":null}],"children":[{"message":"`#[warn(unused_imports)]` (part of `#[warn(unused)]`) on by default","code":null,"level":"note","spans":[],"children":[],"rendered":null},{"message":"remove the whole `use` item","code":null,"level":"help","spans":[{"file_name":"src/domain/service/mod.rs","byte_start":17,"byte_end":46,"line_start":3,"line_end":4,"column_start":1,"column_end":1,"is_primary":true,"text":[{"text":"pub use entity::OrderStatus;","highlight_start":1,"highlight_end":29},{"text":"pub use entity::ServiceOrder;","highlight_start":1,"highlight_end":1}],"label":null,"suggested_replacement":"","suggestion_applicability":"MachineApplicable","expansion":null}],"children":[],"rendered":null}],"rendered":"\u001b[1m\u001b[33mwarning\u001b[0m\u001b[1m: unused import: `entity::OrderStatus`\u001b[0m\n \u001b[1m\u001b[94m--> \u001b[0msrc/domain/service/mod.rs:3:9\n  \u001b[1m\u001b[94m|\u001b[0m\n\u001b[1m\u001b[94m3\u001b[0m \u001b[1m\u001b[94m|\u001b[0m pub use entity::OrderStatus;\n  \u001b[1m\u001b[94m|\u001b[0m         \u001b[1m\u001b[33m^^^^^^^^^^^^^^^^^^^\u001b[0m\n  \u001b[1m\u001b[94m|\u001b[0m\n  \u001b[1m\u001b[94m= \u001b[0m\u001b[1mnote\u001b[0m: `#[warn(unused_imports)]` (part of `#[warn(unused)]`) on by default\n\n"}
{"$message_type":"diagnostic","message":"unused import: `entity::ServiceOrder`","code":{"code":"unused_imports","explanation":null},"level":"warning","spans":[{"file_name":"src/domain/service/mod.rs","byte_start":54,"byte_end":74,"line_start":4,"line_end":4,"column_start":9,"column_end":29,"is_primary":true,"text":[{"text":"pub use entity::ServiceOrder;","highlight_start":9,"highlight_end":29}],"label":null,"suggested_replacement":null,"suggestion_applicability":null,"expansion":null}],"children":[{"message":"remove the whole `use` item","code":null,"level":"help","spans":[{"file_name":"src/domain/service/mod.rs","byte_start":46,"byte_end":76,"line_start":4,"line_end":4,"column_start":1,"column_end":31,"is_primary":true,"text":[{"text":"pub use entity::ServiceOrder;","highlight_start":1,"highlight_end":31}],"label":null,"suggested_replacement":"","suggestion_applicability":"MachineApplicable","expansion":null}],"children":[],"rendered":null}],"rendered":"\u001b[1m\u001b[33mwarning\u001b[0m\u001b[1m: unused import: `entity::ServiceOrder`\u001b[0m\n \u001b[1m\u001b[94m--> \u001b[0msrc/domain/service/mod.rs:4:9\n  \u001b[1m\u001b[94m|\u001b[0m\n\u001b[1m\u001b[94m4\u001b[0m \u001b[1m\u001b[94m|\u001b[0m pub use entity::ServiceOrder;\n  \u001b[1m\u001b[94m|\u001b[0m         \u001b[1m\u001b[33m^^^^^^^^^^^^^^^^^^^^\u001b[0m\n\n"}
{"$message_type":"diagnostic","message":"unused import: `entity::Role`","code":{"code":"unused_imports","explanation":null},"level":"warning","spans":[{"file_name":"src/domain/user/mod.rs","byte_start":25,"byte_end":37,"line_start":3,"line_end":3,"column_start":9,"column_end":21,"is_primary":true,"text":[{"text":"pub use entity::Role;","highlight_start":9,"highlight_end":21}],"label":null,"suggested_replacement":null,"suggestion_applicability":null,"expansion":null}],"children":[{"message":"remove the whole `use` item","code":null,"level":"help","spans":[{"file_name":"src/domain/user/mod.rs","byte_start":17,"byte_end":39,"line_start":3,"line_end":4,"column_start":1,"column_end":1,"is_primary":true,"text":[{"text":"pub use entity::Role;","highlight_start":1,"highlight_end":22},{"text":"pub use entity::User;","highlight_start":1,"highlight_end":1}],"label":null,"suggested_replacement":"","suggestion_applicability":"MachineApplicable","expansion":null}],"children":[],"rendered":null}],"rendered":"\u001b[1m\u001b[33mwarning\u001b[0m\u001b[1m: unused import: `entity::Role`\u001b[0m\n \u001b[1m\u001b[94m--> \u001b[0msrc/domain/user/mod.rs:3:9\n  \u001b[1m\u001b[94m|\u001b[0m\n\u001b[1m\u001b[94m3\u001b[0m \u001b[1m\u001b[94m|\u001b[0m pub use entity::Role;\n  \u001b[1m\u001b[94m|\u001b[0m         \u001b[1m\u001b[33m^^^^^^^^^^^^\u001b[0m\n\n"}
{"$message_type":"diagnostic","message":"unused import: `entity::User`","code":{"code":"unused_imports","explanation":null},"level":"warning","spans":[{"file_name":"src/domain/user/mod.rs","byte_start":47,"byte_end":59,"line_start":4,"line_end":4,"column_start":9,"column_end":21,"is_primary":true,"text":[{"text":"pub use entity::User;","highlight_start":9,"highlight_end":21}],"label":null,"suggested_replacement":null,"suggestion_applicability":null,"expansion":null}],"children":[{"message":"remove the whole `use` item","code":null,"level":"help","spans":[{"file_name":"src/domain/user/mod.rs","byte_start":39,"byte_end":61,"line_start":4,"line_end":4,"column_start":1,"column_end":23,"is_primary":true,"text":[{"text":"pub use entity::User;","highlight_start":1,"highlight_end":23}],"label":null,"suggested_replacement":"","suggestion_applicability":"MachineApplicable","expansion":null}],"children":[],"rendered":null}],"rendered":"\u001b[1m\u001b[33mwarning\u001b[0m\u001b[1m: unused import: `entity::User`\u001b[0m\n \u001b[1m\u001b[94m--> \u001b[0msrc/domain/user/mod.rs:4:9\n  \u001b[1m\u001b[94m|\u001b[0m\n\u001b[1m\u001b[94m4\u001b[0m \u001b[1m\u001b[94m|\u001b[0m pub use entity::User;\n  \u001b[1m\u001b[94m|\u001b[0m         \u001b[1m\u001b[33m^^^^^^^^^^^^\u001b[0m\n\n"}
{"$message_type":"diagnostic","message":"unused import: `crate::schema::*`","code":{"code":"unused_imports","explanation":null},"level":"warning","spans":[{"file_name":"src/infrastructure/db/models.rs","byte_start":76,"byte_end":92,"line_start":2,"line_end":2,"column_start":5,"column_end":21,"is_primary":true,"text":[{"text":"use crate::schema::*;","highlight_start":5,"highlight_end":21}],"label":null,"suggested_replacement":null,"suggestion_applicability":null,"expansion":null}],"children":[{"message":"remove the whole `use` item","code":null,"level":"help","spans":[{"file_name":"src/infrastructure/db/models.rs","byte_start":72,"byte_end":94,"line_start":2,"line_end":3,"column_start":1,"column_end":1,"is_primary":true,"text":[{"text":"use crate::schema::*;","highlight_start":1,"highlight_end":22},{"text":"use diesel::prelude::*;","highlight_start":1,"highlight_end":1}],"label":null,"suggested_replacement":"","suggestion_applicability":"MachineApplicable","expansion":null}],"children":[],"rendered":null}],"rendered":"\u001b[1m\u001b[33mwarning\u001b[0m\u001b[1m: unused import: `crate::schema::*`\u001b[0m\n \u001b[1m\u001b[94m--> \u001b[0msrc/infrastructure/db/models.rs:2:5\n  \u001b[1m\u001b[94m|\u001b[0m\n\u001b[1m\u001b[94m2\u001b[0m \u001b[1m\u001b[94m|\u001b[0m use crate::schema::*;\n  \u001b[1m\u001b[94m|\u001b[0m     \u001b[1m\u001b[33m^^^^^^^^^^^^^^^^\u001b[0m\n\n"}
{"$message_type":"diagnostic","message":"conflicting implementations of trait `Clone` for type `UserRole`","code":{"code":"E0119","explanation":"There are conflicting trait implementations for the same type.\n\nErroneous code example:\n\n```compile_fail,E0119\ntrait MyTrait {\n    fn get(&self) -> usize;\n}\n\nimpl<T> MyTrait for T {\n    fn get(&self) -> usize { 0 }\n}\n\nstruct Foo {\n    value: usize\n}\n\nimpl MyTrait for Foo { // error: conflicting implementations of trait\n                       //        `MyTrait` for type `Foo`\n    fn get(&self) -> usize { self.value }\n}\n```\n\nWhen looking for the implementation for the trait, the compiler finds\nboth the `impl<T> MyTrait for T` where T is all types and the `impl\nMyTrait for Foo`. Since a trait cannot be implemented multiple times,\nthis is an error. So, when you write:\n\n```\ntrait MyTrait {\n    fn get(&self) -> usize;\n}\n\nimpl<T> MyTrait for T {\n    fn get(&self) -> usize { 0 }\n}\n```\n\nThis makes the trait implemented on all types in the scope. So if you\ntry to implement it on another one after that, the implementations will\nconflict. Example:\n\n```\ntrait MyTrait {\n    fn get(&self) -> usize;\n}\n\nimpl<T> MyTrait for T {\n    fn get(&self) -> usize { 0 }\n}\n\nstruct Foo;\n\nfn main() {\n    let f = Foo;\n\n    f.get(); // the trait is implemented so we can use it\n}\n```\n"},"level":"error","spans":[{"file_name":"src/infrastructure/db/models.rs","byte_start":197,"byte_end":203,"line_start":7,"line_end":7,"column_start":10,"column_end":16,"is_primary":false,"text":[{"text":"#[derive(DbEnum, Debug, Clone, Serialize, Deserialize, PartialEq)]","highlight_start":10,"highlight_end":16}],"label":"first implementation here","suggested_replacement":null,"suggestion_applicability":null,"expansion":{"span":{"file_name":"src/infrastructure/db/models.rs","byte_start":197,"byte_end":203,"line_start":7,"line_end":7,"column_start":10,"column_end":16,"is_primary":false,"text":[{"text":"#[derive(DbEnum, Debug, Clone, Serialize, Deserialize, PartialEq)]","highlight_start":10,"highlight_end":16}],"label":null,"suggested_replacement":null,"suggestion_applicability":null,"expansion":null},"macro_decl_name":"#[derive(DbEnum)]","def_site_span":{"file_name":"/Users/patiphan/.cargo/registry/src/index.crates.io-1949cf8c6b5b557f/diesel-derive-enum-2.1.0/src/lib.rs","byte_start":1397,"byte_end":1445,"line_start":36,"line_end":36,"column_start":1,"column_end":49,"is_primary":false,"text":[{"text":"pub fn derive(input: TokenStream) -> TokenStream {","highlight_start":1,"highlight_end":49}],"label":null,"suggested_replacement":null,"suggestion_applicability":null,"expansion":null}}},{"file_name":"src/infrastructure/db/models.rs","byte_start":197,"byte_end":203,"line_start":7,"line_end":7,"column_start":10,"column_end":16,"is_primary":true,"text":[{"text":"#[derive(DbEnum, Debug, Clone, Serialize, Deserialize, PartialEq)]","highlight_start":10,"highlight_end":16}],"label":"conflicting implementation for `UserRole`","suggested_replacement":null,"suggestion_applicability":null,"expansion":{"span":{"file_name":"src/infrastructure/db/models.rs","byte_start":197,"byte_end":203,"line_start":7,"line_end":7,"column_start":10,"column_end":16,"is_primary":false,"text":[{"text":"#[derive(DbEnum, Debug, Clone, Serialize, Deserialize, PartialEq)]","highlight_start":10,"highlight_end":16}],"label":null,"suggested_replacement":null,"suggestion_applicability":null,"expansion":null},"macro_decl_name":"#[derive(DbEnum)]","def_site_span":{"file_name":"/Users/patiphan/.cargo/registry/src/index.crates.io-1949cf8c6b5b557f/diesel-derive-enum-2.1.0/src/lib.rs","byte_start":1397,"byte_end":1445,"line_start":36,"line_end":36,"column_start":1,"column_end":49,"is_primary":false,"text":[{"text":"pub fn derive(input: TokenStream) -> TokenStream {","highlight_start":1,"highlight_end":49}],"label":null,"suggested_replacement":null,"suggestion_applicability":null,"expansion":null}}}],"children":[],"rendered":"\u001b[1m\u001b[91merror[E0119]\u001b[0m\u001b[1m: conflicting implementations of trait `Clone` for type `UserRole`\u001b[0m\n \u001b[1m\u001b[94m--> \u001b[0msrc/infrastructure/db/models.rs:7:10\n  \u001b[1m\u001b[94m|\u001b[0m\n\u001b[1m\u001b[94m7\u001b[0m \u001b[1m\u001b[94m|\u001b[0m #[derive(DbEnum, Debug, Clone, Serialize, Deserialize, PartialEq)]\n  \u001b[1m\u001b[94m|\u001b[0m          \u001b[1m\u001b[91m^^^^^^\u001b[0m\n  \u001b[1m\u001b[94m|\u001b[0m          \u001b[1m\u001b[91m|\u001b[0m\n  \u001b[1m\u001b[94m|\u001b[0m          \u001b[1m\u001b[94mfirst implementation here\u001b[0m\n  \u001b[1m\u001b[94m|\u001b[0m          \u001b[1m\u001b[91mconflicting implementation for `UserRole`\u001b[0m\n  \u001b[1m\u001b[94m|\u001b[0m\n  \u001b[1m\u001b[94m= \u001b[0m\u001b[1mnote\u001b[0m: this error originates in the derive macro `DbEnum` (in Nightly builds, run with -Z macro-backtrace for more info)\n\n"}
{"$message_type":"diagnostic","message":"conflicting implementations of trait `Clone` for type `UserRole`","code":{"code":"E0119","explanation":"There are conflicting trait implementations for the same type.\n\nErroneous code example:\n\n```compile_fail,E0119\ntrait MyTrait {\n    fn get(&self) -> usize;\n}\n\nimpl<T> MyTrait for T {\n    fn get(&self) -> usize { 0 }\n}\n\nstruct Foo {\n    value: usize\n}\n\nimpl MyTrait for Foo { // error: conflicting implementations of trait\n                       //        `MyTrait` for type `Foo`\n    fn get(&self) -> usize { self.value }\n}\n```\n\nWhen looking for the implementation for the trait, the compiler finds\nboth the `impl<T> MyTrait for T` where T is all types and the `impl\nMyTrait for Foo`. Since a trait cannot be implemented multiple times,\nthis is an error. So, when you write:\n\n```\ntrait MyTrait {\n    fn get(&self) -> usize;\n}\n\nimpl<T> MyTrait for T {\n    fn get(&self) -> usize { 0 }\n}\n```\n\nThis makes the trait implemented on all types in the scope. So if you\ntry to implement it on another one after that, the implementations will\nconflict. Example:\n\n```\ntrait MyTrait {\n    fn get(&self) -> usize;\n}\n\nimpl<T> MyTrait for T {\n    fn get(&self) -> usize { 0 }\n}\n\nstruct Foo;\n\nfn main() {\n    let f = Foo;\n\n    f.get(); // the trait is implemented so we can use it\n}\n```\n"},"level":"error","spans":[{"file_name":"src/infrastructure/db/models.rs","byte_start":197,"byte_end":203,"line_start":7,"line_end":7,"column_start":10,"column_end":16,"is_primary":false,"text":[{"text":"#[derive(DbEnum, Debug, Clone, Serialize, Deserialize, PartialEq)]","highlight_start":10,"highlight_end":16}],"label":"first implementation here","suggested_replacement":null,"suggestion_applicability":null,"expansion":{"span":{"file_name":"src/infrastructure/db/models.rs","byte_start":197,"byte_end":203,"line_start":7,"line_end":7,"column_start":10,"column_end":16,"is_primary":false,"text":[{"text":"#[derive(DbEnum, Debug, Clone, Serialize, Deserialize, PartialEq)]","highlight_start":10,"highlight_end":16}],"label":null,"suggested_replacement":null,"suggestion_applicability":null,"expansion":null},"macro_decl_name":"#[derive(DbEnum)]","def_site_span":{"file_name":"/Users/patiphan/.cargo/registry/src/index.crates.io-1949cf8c6b5b557f/diesel-derive-enum-2.1.0/src/lib.rs","byte_start":1397,"byte_end":1445,"line_start":36,"line_end":36,"column_start":1,"column_end":49,"is_primary":false,"text":[{"text":"pub fn derive(input: TokenStream) -> TokenStream {","highlight_start":1,"highlight_end":49}],"label":null,"suggested_replacement":null,"suggestion_applicability":null,"expansion":null}}},{"file_name":"src/schema.rs","byte_start":833,"byte_end":838,"line_start":20,"line_end":20,"column_start":46,"column_end":51,"is_primary":true,"text":[{"text":"    #[derive(diesel::query_builder::QueryId, Clone, diesel::sql_types::SqlType)]","highlight_start":46,"highlight_end":51}],"label":"conflicting implementation for `UserRole`","suggested_replacement":null,"suggestion_applicability":null,"expansion":{"span":{"file_name":"src/schema.rs","byte_start":833,"byte_end":838,"line_start":20,"line_end":20,"column_start":46,"column_end":51,"is_primary":false,"text":[{"text":"    #[derive(diesel::query_builder::QueryId, Clone, diesel::sql_types::SqlType)]","highlight_start":46,"highlight_end":51}],"label":null,"suggested_replacement":null,"suggestion_applicability":null,"expansion":null},"macro_decl_name":"#[derive(Clone)]","def_site_span":{"file_name":"/Users/patiphan/.rustup/toolchains/stable-aarch64-apple-darwin/lib/rustlib/src/rust/library/core/src/clone.rs","byte_start":9498,"byte_end":9513,"line_start":257,"line_end":257,"column_start":1,"column_end":16,"is_primary":false,"text":[{"text":"pub macro Clone($item:item) {","highlight_start":1,"highlight_end":16}],"label":null,"suggested_replacement":null,"suggestion_applicability":null,"expansion":null}}}],"children":[],"rendered":"\u001b[1m\u001b[91merror[E0119]\u001b[0m\u001b[1m: conflicting implementations of trait `Clone` for type `UserRole`\u001b[0m\n  \u001b[1m\u001b[94m--> \u001b[0msrc/schema.rs:20:46\n   \u001b[1m\u001b[94m|\u001b[0m\n\u001b[1m\u001b[94m20\u001b[0m \u001b[1m\u001b[94m|\u001b[0m     #[derive(diesel::query_builder::QueryId, Clone, diesel::sql_types::SqlType)]\n   \u001b[1m\u001b[94m|\u001b[0m                                              \u001b[1m\u001b[91m^^^^^\u001b[0m \u001b[1m\u001b[91mconflicting implementation for `UserRole`\u001b[0m\n   \u001b[1m\u001b[94m|\u001b[0m\n  \u001b[1m\u001b[94m::: \u001b[0msrc/infrastructure/db/models.rs:7:10\n   \u001b[1m\u001b[94m|\u001b[0m\n \u001b[1m\u001b[94m7\u001b[0m \u001b[1m\u001b[94m|\u001b[0m #[derive(DbEnum, Debug, Clone, Serialize, Deserialize, PartialEq)]\n   \u001b[1m\u001b[94m|\u001b[0m          \u001b[1m\u001b[94m------\u001b[0m \u001b[1m\u001b[94mfirst implementation here\u001b[0m\n\n"}
{"$message_type":"diagnostic","message":"the trait bound `DateTime<Utc>: FromSqlRow<diesel::sql_types::Timestamptz, Pg>` is not satisfied","code":{"code":"E0277","explanation":"You tried to use a type which doesn't implement some trait in a place which\nexpected that trait.\n\nErroneous code example:\n\n```compile_fail,E0277\n// here we declare the Foo trait with a bar method\ntrait Foo {\n    fn bar(&self);\n}\n\n// we now declare a function which takes an object implementing the Foo trait\nfn some_func<T: Foo>(foo: T) {\n    foo.bar();\n}\n\nfn main() {\n    // we now call the method with the i32 type, which doesn't implement\n    // the Foo trait\n    some_func(5i32); // error: the trait bound `i32 : Foo` is not satisfied\n}\n```\n\nIn order to fix this error, verify that the type you're using does implement\nthe trait. Example:\n\n```\ntrait Foo {\n    fn bar(&self);\n}\n\n// we implement the trait on the i32 type\nimpl Foo for i32 {\n    fn bar(&self) {}\n}\n\nfn some_func<T: Foo>(foo: T) {\n    foo.bar(); // we can now use this method since i32 implements the\n               // Foo trait\n}\n\nfn main() {\n    some_func(5i32); // ok!\n}\n```\n\nOr in a generic context, an erroneous code example would look like:\n\n```compile_fail,E0277\nfn some_func<T>(foo: T) {\n    println!(\"{:?}\", foo); // error: the trait `core::fmt::Debug` is not\n                           //        implemented for the type `T`\n}\n\nfn main() {\n    // We now call the method with the i32 type,\n    // which *does* implement the Debug trait.\n    some_func(5i32);\n}\n```\n\nNote that the error here is in the definition of the generic function. Although\nwe only call it with a parameter that does implement `Debug`, the compiler\nstill rejects the function. It must work with all possible input types. In\norder to make this example compile, we need to restrict the generic type we're\naccepting:\n\n```\nuse std::fmt;\n\n// Restrict the input type to types that implement Debug.\nfn some_func<T: fmt::Debug>(foo: T) {\n    println!(\"{:?}\", foo);\n}\n\nfn main() {\n    // Calling the method is still fine, as i32 implements Debug.\n    some_func(5i32);\n\n    // This would fail to compile now:\n    // struct WithoutDebug;\n    // some_func(WithoutDebug);\n}\n```\n\nRust only looks at the signature of the called function, as such it must\nalready specify all requirements that will be used for every type parameter.\n"},"level":"error","spans":[{"file_name":"src/infrastructure/db/models.rs","byte_start":721,"byte_end":727,"line_start":25,"line_end":25,"column_start":21,"column_end":27,"is_primary":true,"text":[{"text":"    pub created_at: chrono::DateTime<chrono::Utc>,","highlight_start":21,"highlight_end":27}],"label":"the trait `diesel::Queryable<diesel::sql_types::Timestamptz, Pg>` is not implemented for `DateTime<Utc>`","suggested_replacement":null,"suggestion_applicability":null,"expansion":{"span":{"file_name":"src/infrastructure/db/models.rs","byte_start":400,"byte_end":410,"line_start":15,"line_end":15,"column_start":21,"column_end":31,"is_primary":false,"text":[{"text":"#[derive(Queryable, Selectable, Debug, Clone, Serialize, Deserialize)]","highlight_start":21,"highlight_end":31}],"label":null,"suggested_replacement":null,"suggestion_applicability":null,"expansion":null},"macro_decl_name":"#[derive(Selectable)]","def_site_span":{"file_name":"/Users/patiphan/.cargo/registry/src/index.crates.io-1949cf8c6b5b557f/diesel_derives-2.3.7/src/lib.rs","byte_start":38445,"byte_end":38504,"line_start":998,"line_end":998,"column_start":1,"column_end":60,"is_primary":false,"text":[{"text":"pub fn derive_selectable(input: TokenStream) -> TokenStream {","highlight_start":1,"highlight_end":60}],"label":null,"suggested_replacement":null,"suggestion_applicability":null,"expansion":null}}}],"children":[{"message":"double check your type mappings via the documentation of `diesel::sql_types::Timestamptz`","code":null,"level":"note","spans":[],"children":[],"rendered":null},{"message":"`diesel::sql_query` requires the loading target to column names for loading values.\nYou need to provide a type that explicitly derives `diesel::deserialize::QueryableByName`","code":null,"level":"note","spans":[],"children":[],"rendered":null},{"message":"the following other types implement trait `diesel::Queryable<ST, DB>`:\n  `(T, T1)` implements `diesel::Queryable<(ST, ST1), __DB>`\n  `(T, T1)` implements `diesel::Queryable<Record<(ST, ST1)>, Pg>`\n  `(T, T1, T2)` implements `diesel::Queryable<(ST, ST1, ST2), __DB>`\n  `(T, T1, T2)` implements `diesel::Queryable<Record<(ST, ST1, ST2)>, Pg>`\n  `(T, T1, T2, T3)` implements `diesel::Queryable<(ST, ST1, ST2, ST3), __DB>`\n  `(T, T1, T2, T3)` implements `diesel::Queryable<Record<(ST, ST1, ST2, ST3)>, Pg>`\n  `(T, T1, T2, T3, T4)` implements `diesel::Queryable<(ST, ST1, ST2, ST3, ST4), __DB>`\n  `(T, T1, T2, T3, T4)` implements `diesel::Queryable<Record<(ST, ST1, ST2, ST3, ST4)>, Pg>`\nand 122 others","code":null,"level":"help","spans":[],"children":[],"rendered":null},{"message":"required for `DateTime<Utc>` to implement `FromSqlRow<diesel::sql_types::Timestamptz, Pg>`","code":null,"level":"note","spans":[],"children":[],"rendered":null},{"message":"see issue #48214","code":null,"level":"help","spans":[],"children":[],"rendered":null},{"message":"the full name for the type has been written to '/Users/patiphan/mtd/social_security_motocycle/backend/target/debug/deps/backend-c6c27fe972170a82.long-type-13333429832999557586.txt'","code":null,"level":"note","spans":[],"children":[],"rendered":null},{"message":"consider using `--verbose` to print the full type name to the console","code":null,"level":"note","spans":[],"children":[],"rendered":null}],"rendered":"\u001b[1m\u001b[91merror[E0277]\u001b[0m\u001b[1m: the trait bound `DateTime<Utc>: FromSqlRow<diesel::sql_types::Timestamptz, Pg>` is not satisfied\u001b[0m\n  \u001b[1m\u001b[94m--> \u001b[0msrc/infrastructure/db/models.rs:25:21\n   \u001b[1m\u001b[94m|\u001b[0m\n\u001b[1m\u001b[94m15\u001b[0m \u001b[1m\u001b[94m|\u001b[0m #[derive(Queryable, Selectable, Debug, Clone, Serialize, Deserialize)]\n   \u001b[1m\u001b[94m|\u001b[0m                     \u001b[1m\u001b[94m----------\u001b[0m \u001b[1m\u001b[94min this derive macro expansion\u001b[0m\n\u001b[1m\u001b[94m...\u001b[0m\n\u001b[1m\u001b[94m25\u001b[0m \u001b[1m\u001b[94m|\u001b[0m     pub created_at: chrono::DateTime<chrono::Utc>,\n   \u001b[1m\u001b[94m|\u001b[0m                     \u001b[1m\u001b[91m^^^^^^\u001b[0m \u001b[1m\u001b[91mthe trait `diesel::Queryable<diesel::sql_types::Timestamptz, Pg>` is not implemented for `DateTime<Utc>`\u001b[0m\n   \u001b[1m\u001b[94m|\u001b[0m\n   \u001b[1m\u001b[94m= \u001b[0m\u001b[1mnote\u001b[0m: double check your type mappings via the documentation of `diesel::sql_types::Timestamptz`\n   \u001b[1m\u001b[94m= \u001b[0m\u001b[1mnote\u001b[0m: `diesel::sql_query` requires the loading target to column names for loading values.\n           You need to provide a type that explicitly derives `diesel::deserialize::QueryableByName`\n   \u001b[1m\u001b[94m= \u001b[0m\u001b[1mhelp\u001b[0m: the following other types implement trait `diesel::Queryable<ST, DB>`:\n             `(T, T1)` implements `diesel::Queryable<(ST, ST1), __DB>`\n             `(T, T1)` implements `diesel::Queryable<Record<(ST, ST1)>, Pg>`\n             `(T, T1, T2)` implements `diesel::Queryable<(ST, ST1, ST2), __DB>`\n             `(T, T1, T2)` implements `diesel::Queryable<Record<(ST, ST1, ST2)>, Pg>`\n             `(T, T1, T2, T3)` implements `diesel::Queryable<(ST, ST1, ST2, ST3), __DB>`\n             `(T, T1, T2, T3)` implements `diesel::Queryable<Record<(ST, ST1, ST2, ST3)>, Pg>`\n             `(T, T1, T2, T3, T4)` implements `diesel::Queryable<(ST, ST1, ST2, ST3, ST4), __DB>`\n             `(T, T1, T2, T3, T4)` implements `diesel::Queryable<Record<(ST, ST1, ST2, ST3, ST4)>, Pg>`\n           and 122 others\n   \u001b[1m\u001b[94m= \u001b[0m\u001b[1mnote\u001b[0m: required for `DateTime<Utc>` to implement `FromSqlRow<diesel::sql_types::Timestamptz, Pg>`\n   \u001b[1m\u001b[94m= \u001b[0m\u001b[1mhelp\u001b[0m: see issue #48214\n   \u001b[1m\u001b[94m= \u001b[0m\u001b[1mnote\u001b[0m: the full name for the type has been written to '/Users/patiphan/mtd/social_security_motocycle/backend/target/debug/deps/backend-c6c27fe972170a82.long-type-13333429832999557586.txt'\n   \u001b[1m\u001b[94m= \u001b[0m\u001b[1mnote\u001b[0m: consider using `--verbose` to print the full type name to the console\n   \u001b[1m\u001b[94m= \u001b[0m\u001b[1mnote\u001b[0m: this error originates in the derive macro `Selectable` (in Nightly builds, run with -Z macro-backtrace for more info)\n\n"}
{"$message_type":"diagnostic","message":"the trait bound `DateTime<Utc>: FromSqlRow<diesel::sql_types::Timestamptz, Pg>` is not satisfied","code":{"code":"E0277","explanation":"You tried to use a type which doesn't implement some trait in a place which\nexpected that trait.\n\nErroneous code example:\n\n```compile_fail,E0277\n// here we declare the Foo trait with a bar method\ntrait Foo {\n    fn bar(&self);\n}\n\n// we now declare a function which takes an object implementing the Foo trait\nfn some_func<T: Foo>(foo: T) {\n    foo.bar();\n}\n\nfn main() {\n    // we now call the method with the i32 type, which doesn't implement\n    // the Foo trait\n    some_func(5i32); // error: the trait bound `i32 : Foo` is not satisfied\n}\n```\n\nIn order to fix this error, verify that the type you're using does implement\nthe trait. Example:\n\n```\ntrait Foo {\n    fn bar(&self);\n}\n\n// we implement the trait on the i32 type\nimpl Foo for i32 {\n    fn bar(&self) {}\n}\n\nfn some_func<T: Foo>(foo: T) {\n    foo.bar(); // we can now use this method since i32 implements the\n               // Foo trait\n}\n\nfn main() {\n    some_func(5i32); // ok!\n}\n```\n\nOr in a generic context, an erroneous code example would look like:\n\n```compile_fail,E0277\nfn some_func<T>(foo: T) {\n    println!(\"{:?}\", foo); // error: the trait `core::fmt::Debug` is not\n                           //        implemented for the type `T`\n}\n\nfn main() {\n    // We now call the method with the i32 type,\n    // which *does* implement the Debug trait.\n    some_func(5i32);\n}\n```\n\nNote that the error here is in the definition of the generic function. Although\nwe only call it with a parameter that does implement `Debug`, the compiler\nstill rejects the function. It must work with all possible input types. In\norder to make this example compile, we need to restrict the generic type we're\naccepting:\n\n```\nuse std::fmt;\n\n// Restrict the input type to types that implement Debug.\nfn some_func<T: fmt::Debug>(foo: T) {\n    println!(\"{:?}\", foo);\n}\n\nfn main() {\n    // Calling the method is still fine, as i32 implements Debug.\n    some_func(5i32);\n\n    // This would fail to compile now:\n    // struct WithoutDebug;\n    // some_func(WithoutDebug);\n}\n```\n\nRust only looks at the signature of the called function, as such it must\nalready specify all requirements that will be used for every type parameter.\n"},"level":"error","spans":[{"file_name":"src/infrastructure/db/models.rs","byte_start":721,"byte_end":727,"line_start":25,"line_end":25,"column_start":21,"column_end":27,"is_primary":true,"text":[{"text":"    pub created_at: chrono::DateTime<chrono::Utc>,","highlight_start":21,"highlight_end":27}],"label":"the trait `diesel::Queryable<diesel::sql_types::Timestamptz, Pg>` is not implemented for `DateTime<Utc>`","suggested_replacement":null,"suggestion_applicability":null,"expansion":{"span":{"file_name":"src/infrastructure/db/models.rs","byte_start":400,"byte_end":410,"line_start":15,"line_end":15,"column_start":21,"column_end":31,"is_primary":false,"text":[{"text":"#[derive(Queryable, Selectable, Debug, Clone, Serialize, Deserialize)]","highlight_start":21,"highlight_end":31}],"label":null,"suggested_replacement":null,"suggestion_applicability":null,"expansion":null},"macro_decl_name":"#[derive(Selectable)]","def_site_span":{"file_name":"/Users/patiphan/.cargo/registry/src/index.crates.io-1949cf8c6b5b557f/diesel_derives-2.3.7/src/lib.rs","byte_start":38445,"byte_end":38504,"line_start":998,"line_end":998,"column_start":1,"column_end":60,"is_primary":false,"text":[{"text":"pub fn derive_selectable(input: TokenStream) -> TokenStream {","highlight_start":1,"highlight_end":60}],"label":null,"suggested_replacement":null,"suggestion_applicability":null,"expansion":null}}}],"children":[{"message":"double check your type mappings via the documentation of `diesel::sql_types::Timestamptz`","code":null,"level":"note","spans":[],"children":[],"rendered":null},{"message":"`diesel::sql_query` requires the loading target to column names for loading values.\nYou need to provide a type that explicitly derives `diesel::deserialize::QueryableByName`","code":null,"level":"note","spans":[],"children":[],"rendered":null},{"message":"the following other types implement trait `diesel::Queryable<ST, DB>`:\n  `(T, T1)` implements `diesel::Queryable<(ST, ST1), __DB>`\n  `(T, T1)` implements `diesel::Queryable<Record<(ST, ST1)>, Pg>`\n  `(T, T1, T2)` implements `diesel::Queryable<(ST, ST1, ST2), __DB>`\n  `(T, T1, T2)` implements `diesel::Queryable<Record<(ST, ST1, ST2)>, Pg>`\n  `(T, T1, T2, T3)` implements `diesel::Queryable<(ST, ST1, ST2, ST3), __DB>`\n  `(T, T1, T2, T3)` implements `diesel::Queryable<Record<(ST, ST1, ST2, ST3)>, Pg>`\n  `(T, T1, T2, T3, T4)` implements `diesel::Queryable<(ST, ST1, ST2, ST3, ST4), __DB>`\n  `(T, T1, T2, T3, T4)` implements `diesel::Queryable<Record<(ST, ST1, ST2, ST3, ST4)>, Pg>`\nand 122 others","code":null,"level":"help","spans":[],"children":[],"rendered":null},{"message":"required for `DateTime<Utc>` to implement `FromSqlRow<diesel::sql_types::Timestamptz, Pg>`","code":null,"level":"note","spans":[],"children":[],"rendered":null},{"message":"see issue #48214","code":null,"level":"help","spans":[],"children":[],"rendered":null},{"message":"the full name for the type has been written to '/Users/patiphan/mtd/social_security_motocycle/backend/target/debug/deps/backend-c6c27fe972170a82.long-type-13333429832999557586.txt'","code":null,"level":"note","spans":[],"children":[],"rendered":null},{"message":"consider using `--verbose` to print the full type name to the console","code":null,"level":"note","spans":[],"children":[],"rendered":null}],"rendered":"\u001b[1m\u001b[91merror[E0277]\u001b[0m\u001b[1m: the trait bound `DateTime<Utc>: FromSqlRow<diesel::sql_types::Timestamptz, Pg>` is not satisfied\u001b[0m\n  \u001b[1m\u001b[94m--> \u001b[0msrc/infrastructure/db/models.rs:25:21\n   \u001b[1m\u001b[94m|\u001b[0m\n\u001b[1m\u001b[94m15\u001b[0m \u001b[1m\u001b[94m|\u001b[0m #[derive(Queryable, Selectable, Debug, Clone, Serialize, Deserialize)]\n   \u001b[1m\u001b[94m|\u001b[0m                     \u001b[1m\u001b[94m----------\u001b[0m \u001b[1m\u001b[94min this derive macro expansion\u001b[0m\n\u001b[1m\u001b[94m...\u001b[0m\n\u001b[1m\u001b[94m25\u001b[0m \u001b[1m\u001b[94m|\u001b[0m     pub created_at: chrono::DateTime<chrono::Utc>,\n   \u001b[1m\u001b[94m|\u001b[0m                     \u001b[1m\u001b[91m^^^^^^\u001b[0m \u001b[1m\u001b[91mthe trait `diesel::Queryable<diesel::sql_types::Timestamptz, Pg>` is not implemented for `DateTime<Utc>`\u001b[0m\n   \u001b[1m\u001b[94m|\u001b[0m\n   \u001b[1m\u001b[94m= \u001b[0m\u001b[1mnote\u001b[0m: double check your type mappings via the documentation of `diesel::sql_types::Timestamptz`\n   \u001b[1m\u001b[94m= \u001b[0m\u001b[1mnote\u001b[0m: `diesel::sql_query` requires the loading target to column names for loading values.\n           You need to provide a type that explicitly derives `diesel::deserialize::QueryableByName`\n   \u001b[1m\u001b[94m= \u001b[0m\u001b[1mhelp\u001b[0m: the following other types implement trait `diesel::Queryable<ST, DB>`:\n             `(T, T1)` implements `diesel::Queryable<(ST, ST1), __DB>`\n             `(T, T1)` implements `diesel::Queryable<Record<(ST, ST1)>, Pg>`\n             `(T, T1, T2)` implements `diesel::Queryable<(ST, ST1, ST2), __DB>`\n             `(T, T1, T2)` implements `diesel::Queryable<Record<(ST, ST1, ST2)>, Pg>`\n             `(T, T1, T2, T3)` implements `diesel::Queryable<(ST, ST1, ST2, ST3), __DB>`\n             `(T, T1, T2, T3)` implements `diesel::Queryable<Record<(ST, ST1, ST2, ST3)>, Pg>`\n             `(T, T1, T2, T3, T4)` implements `diesel::Queryable<(ST, ST1, ST2, ST3, ST4), __DB>`\n             `(T, T1, T2, T3, T4)` implements `diesel::Queryable<Record<(ST, ST1, ST2, ST3, ST4)>, Pg>`\n           and 122 others\n   \u001b[1m\u001b[94m= \u001b[0m\u001b[1mnote\u001b[0m: required for `DateTime<Utc>` to implement `FromSqlRow<diesel::sql_types::Timestamptz, Pg>`\n   \u001b[1m\u001b[94m= \u001b[0m\u001b[1mhelp\u001b[0m: see issue #48214\n   \u001b[1m\u001b[94m= \u001b[0m\u001b[1mnote\u001b[0m: the full name for the type has been written to '/Users/patiphan/mtd/social_security_motocycle/backend/target/debug/deps/backend-c6c27fe972170a82.long-type-13333429832999557586.txt'\n   \u001b[1m\u001b[94m= \u001b[0m\u001b[1mnote\u001b[0m: consider using `--verbose` to print the full type name to the console\n   \u001b[1m\u001b[94m= \u001b[0m\u001b[1mnote\u001b[0m: this error originates in the derive macro `Selectable` (in Nightly builds, run with -Z macro-backtrace for more info)\n\n"}
{"$message_type":"diagnostic","message":"the trait bound `SelectBy<UserModel, _>: CompatibleType<UserModel, _>` is not satisfied","code":{"code":"E0277","explanation":"You tried to use a type which doesn't implement some trait in a place which\nexpected that trait.\n\nErroneous code example:\n\n```compile_fail,E0277\n// here we declare the Foo trait with a bar method\ntrait Foo {\n    fn bar(&self);\n}\n\n// we now declare a function which takes an object implementing the Foo trait\nfn some_func<T: Foo>(foo: T) {\n    foo.bar();\n}\n\nfn main() {\n    // we now call the method with the i32 type, which doesn't implement\n    // the Foo trait\n    some_func(5i32); // error: the trait bound `i32 : Foo` is not satisfied\n}\n```\n\nIn order to fix this error, verify that the type you're using does implement\nthe trait. Example:\n\n```\ntrait Foo {\n    fn bar(&self);\n}\n\n// we implement the trait on the i32 type\nimpl Foo for i32 {\n    fn bar(&self) {}\n}\n\nfn some_func<T: Foo>(foo: T) {\n    foo.bar(); // we can now use this method since i32 implements the\n               // Foo trait\n}\n\nfn main() {\n    some_func(5i32); // ok!\n}\n```\n\nOr in a generic context, an erroneous code example would look like:\n\n```compile_fail,E0277\nfn some_func<T>(foo: T) {\n    println!(\"{:?}\", foo); // error: the trait `core::fmt::Debug` is not\n                           //        implemented for the type `T`\n}\n\nfn main() {\n    // We now call the method with the i32 type,\n    // which *does* implement the Debug trait.\n    some_func(5i32);\n}\n```\n\nNote that the error here is in the definition of the generic function. Although\nwe only call it with a parameter that does implement `Debug`, the compiler\nstill rejects the function. It must work with all possible input types. In\norder to make this example compile, we need to restrict the generic type we're\naccepting:\n\n```\nuse std::fmt;\n\n// Restrict the input type to types that implement Debug.\nfn some_func<T: fmt::Debug>(foo: T) {\n    println!(\"{:?}\", foo);\n}\n\nfn main() {\n    // Calling the method is still fine, as i32 implements Debug.\n    some_func(5i32);\n\n    // This would fail to compile now:\n    // struct WithoutDebug;\n    // some_func(WithoutDebug);\n}\n```\n\nRust only looks at the signature of the called function, as such it must\nalready specify all requirements that will be used for every type parameter.\n"},"level":"error","spans":[{"file_name":"src/infrastructure/db/repositories/user.rs","byte_start":1119,"byte_end":1128,"line_start":36,"line_end":36,"column_start":38,"column_end":47,"is_primary":true,"text":[{"text":"            .get_result::<UserModel>(&mut conn)","highlight_start":38,"highlight_end":47}],"label":"unsatisfied trait bound","suggested_replacement":null,"suggestion_applicability":null,"expansion":null},{"file_name":"src/infrastructure/db/repositories/user.rs","byte_start":1095,"byte_end":1105,"line_start":36,"line_end":36,"column_start":14,"column_end":24,"is_primary":false,"text":[{"text":"            .get_result::<UserModel>(&mut conn)","highlight_start":14,"highlight_end":24}],"label":"required by a bound introduced by this call","suggested_replacement":null,"suggestion_applicability":null,"expansion":null}],"children":[{"message":"the trait `load_dsl::private::CompatibleType<db::models::UserModel, _>` is not implemented for `diesel::expression::select_by::SelectBy<db::models::UserModel, _>`","code":null,"level":"help","spans":[],"children":[],"rendered":null},{"message":"this is a mismatch between what your query returns and what your type expects the query to return","code":null,"level":"note","spans":[],"children":[],"rendered":null},{"message":"the fields in your struct need to match the fields returned by your query in count, order and type","code":null,"level":"note","spans":[],"children":[],"rendered":null},{"message":"consider using `#[diesel(check_for_backend(_))]` on either `#[derive(Selectable)]` or `#[derive(QueryableByName)]` \non your struct `db::models::UserModel` and in your query `.select(db::models::UserModel::as_select())` to get a better error message","code":null,"level":"note","spans":[],"children":[],"rendered":null},{"message":"the trait `load_dsl::private::CompatibleType<U, DB>` is implemented for `diesel::expression::select_by::SelectBy<U, DB>`","code":null,"level":"help","spans":[],"children":[],"rendered":null},{"message":"required for `InsertStatement<table, ValuesClause<..., ...>, ..., ...>` to implement `LoadQuery<'_, _, db::models::UserModel>`","code":null,"level":"note","spans":[],"children":[],"rendered":null},{"message":"required by a bound in `get_result`","code":null,"level":"note","spans":[{"file_name":"/Users/patiphan/.cargo/registry/src/index.crates.io-1949cf8c6b5b557f/diesel-2.3.6/src/query_dsl/mod.rs","byte_start":60246,"byte_end":60256,"line_start":1774,"line_end":1774,"column_start":8,"column_end":18,"is_primary":false,"text":[{"text":"    fn get_result<'query, U>(self, conn: &mut Conn) -> QueryResult<U>","highlight_start":8,"highlight_end":18}],"label":"required by a bound in this associated function","suggested_replacement":null,"suggestion_applicability":null,"expansion":null},{"file_name":"/Users/patiphan/.cargo/registry/src/index.crates.io-1949cf8c6b5b557f/diesel-2.3.6/src/query_dsl/mod.rs","byte_start":60333,"byte_end":60359,"line_start":1776,"line_end":1776,"column_start":15,"column_end":41,"is_primary":true,"text":[{"text":"        Self: LoadQuery<'query, Conn, U>,","highlight_start":15,"highlight_end":41}],"label":"required by this bound in `RunQueryDsl::get_result`","suggested_replacement":null,"suggestion_applicability":null,"expansion":null}],"children":[],"rendered":null},{"message":"the full name for the type has been written to '/Users/patiphan/mtd/social_security_motocycle/backend/target/debug/deps/backend-c6c27fe972170a82.long-type-15206359162380936676.txt'","code":null,"level":"note","spans":[],"children":[],"rendered":null},{"message":"consider using `--verbose` to print the full type name to the console","code":null,"level":"note","spans":[],"children":[],"rendered":null}],"rendered":"\u001b[1m\u001b[91merror[E0277]\u001b[0m\u001b[1m: the trait bound `SelectBy<UserModel, _>: CompatibleType<UserModel, _>` is not satisfied\u001b[0m\n    \u001b[1m\u001b[94m--> \u001b[0msrc/infrastructure/db/repositories/user.rs:36:38\n     \u001b[1m\u001b[94m|\u001b[0m\n  \u001b[1m\u001b[94m36\u001b[0m \u001b[1m\u001b[94m|\u001b[0m             .get_result::<UserModel>(&mut conn)\n     \u001b[1m\u001b[94m|\u001b[0m              \u001b[1m\u001b[94m----------\u001b[0m              \u001b[1m\u001b[91m^^^^^^^^^\u001b[0m \u001b[1m\u001b[91munsatisfied trait bound\u001b[0m\n     \u001b[1m\u001b[94m|\u001b[0m              \u001b[1m\u001b[94m|\u001b[0m\n     \u001b[1m\u001b[94m|\u001b[0m              \u001b[1m\u001b[94mrequired by a bound introduced by this call\u001b[0m\n     \u001b[1m\u001b[94m|\u001b[0m\n     \u001b[1m\u001b[94m= \u001b[0m\u001b[1mhelp\u001b[0m: the trait `load_dsl::private::CompatibleType<db::models::UserModel, _>` is not implemented for `diesel::expression::select_by::SelectBy<db::models::UserModel, _>`\n     \u001b[1m\u001b[94m= \u001b[0m\u001b[1mnote\u001b[0m: this is a mismatch between what your query returns and what your type expects the query to return\n     \u001b[1m\u001b[94m= \u001b[0m\u001b[1mnote\u001b[0m: the fields in your struct need to match the fields returned by your query in count, order and type\n     \u001b[1m\u001b[94m= \u001b[0m\u001b[1mnote\u001b[0m: consider using `#[diesel(check_for_backend(_))]` on either `#[derive(Selectable)]` or `#[derive(QueryableByName)]` \n             on your struct `db::models::UserModel` and in your query `.select(db::models::UserModel::as_select())` to get a better error message\n     \u001b[1m\u001b[94m= \u001b[0m\u001b[1mhelp\u001b[0m: the trait `load_dsl::private::CompatibleType<U, DB>` \u001b[1m\u001b[35mis\u001b[0m implemented for `\u001b[1m\u001b[35mdiesel::expression::select_by::SelectBy<U, DB>\u001b[0m`\n     \u001b[1m\u001b[94m= \u001b[0m\u001b[1mnote\u001b[0m: required for `InsertStatement<table, ValuesClause<..., ...>, ..., ...>` to implement `LoadQuery<'_, _, db::models::UserModel>`\n\u001b[1m\u001b[92mnote\u001b[0m: required by a bound in `get_result`\n    \u001b[1m\u001b[94m--> \u001b[0m/Users/patiphan/.cargo/registry/src/index.crates.io-1949cf8c6b5b557f/diesel-2.3.6/src/query_dsl/mod.rs:1776:15\n     \u001b[1m\u001b[94m|\u001b[0m\n\u001b[1m\u001b[94m1774\u001b[0m \u001b[1m\u001b[94m|\u001b[0m     fn get_result<'query, U>(self, conn: &mut Conn) -> QueryResult<U>\n     \u001b[1m\u001b[94m|\u001b[0m        \u001b[1m\u001b[94m----------\u001b[0m \u001b[1m\u001b[94mrequired by a bound in this associated function\u001b[0m\n\u001b[1m\u001b[94m1775\u001b[0m \u001b[1m\u001b[94m|\u001b[0m     where\n\u001b[1m\u001b[94m1776\u001b[0m \u001b[1m\u001b[94m|\u001b[0m         Self: LoadQuery<'query, Conn, U>,\n     \u001b[1m\u001b[94m|\u001b[0m               \u001b[1m\u001b[92m^^^^^^^^^^^^^^^^^^^^^^^^^^\u001b[0m \u001b[1m\u001b[92mrequired by this bound in `RunQueryDsl::get_result`\u001b[0m\n     \u001b[1m\u001b[94m= \u001b[0m\u001b[1mnote\u001b[0m: the full name for the type has been written to '/Users/patiphan/mtd/social_security_motocycle/backend/target/debug/deps/backend-c6c27fe972170a82.long-type-15206359162380936676.txt'\n     \u001b[1m\u001b[94m= \u001b[0m\u001b[1mnote\u001b[0m: consider using `--verbose` to print the full type name to the console\n\n"}
{"$message_type":"diagnostic","message":"the trait bound `db::models::UserModel: FromSqlRow<_, _>` is not satisfied","code":{"code":"E0277","explanation":"You tried to use a type which doesn't implement some trait in a place which\nexpected that trait.\n\nErroneous code example:\n\n```compile_fail,E0277\n// here we declare the Foo trait with a bar method\ntrait Foo {\n    fn bar(&self);\n}\n\n// we now declare a function which takes an object implementing the Foo trait\nfn some_func<T: Foo>(foo: T) {\n    foo.bar();\n}\n\nfn main() {\n    // we now call the method with the i32 type, which doesn't implement\n    // the Foo trait\n    some_func(5i32); // error: the trait bound `i32 : Foo` is not satisfied\n}\n```\n\nIn order to fix this error, verify that the type you're using does implement\nthe trait. Example:\n\n```\ntrait Foo {\n    fn bar(&self);\n}\n\n// we implement the trait on the i32 type\nimpl Foo for i32 {\n    fn bar(&self) {}\n}\n\nfn some_func<T: Foo>(foo: T) {\n    foo.bar(); // we can now use this method since i32 implements the\n               // Foo trait\n}\n\nfn main() {\n    some_func(5i32); // ok!\n}\n```\n\nOr in a generic context, an erroneous code example would look like:\n\n```compile_fail,E0277\nfn some_func<T>(foo: T) {\n    println!(\"{:?}\", foo); // error: the trait `core::fmt::Debug` is not\n                           //        implemented for the type `T`\n}\n\nfn main() {\n    // We now call the method with the i32 type,\n    // which *does* implement the Debug trait.\n    some_func(5i32);\n}\n```\n\nNote that the error here is in the definition of the generic function. Although\nwe only call it with a parameter that does implement `Debug`, the compiler\nstill rejects the function. It must work with all possible input types. In\norder to make this example compile, we need to restrict the generic type we're\naccepting:\n\n```\nuse std::fmt;\n\n// Restrict the input type to types that implement Debug.\nfn some_func<T: fmt::Debug>(foo: T) {\n    println!(\"{:?}\", foo);\n}\n\nfn main() {\n    // Calling the method is still fine, as i32 implements Debug.\n    some_func(5i32);\n\n    // This would fail to compile now:\n    // struct WithoutDebug;\n    // some_func(WithoutDebug);\n}\n```\n\nRust only looks at the signature of the called function, as such it must\nalready specify all requirements that will be used for every type parameter.\n"},"level":"error","spans":[{"file_name":"src/infrastructure/db/repositories/user.rs","byte_start":1119,"byte_end":1128,"line_start":36,"line_end":36,"column_start":38,"column_end":47,"is_primary":true,"text":[{"text":"            .get_result::<UserModel>(&mut conn)","highlight_start":38,"highlight_end":47}],"label":"unsatisfied trait bound","suggested_replacement":null,"suggestion_applicability":null,"expansion":null},{"file_name":"src/infrastructure/db/repositories/user.rs","byte_start":1095,"byte_end":1105,"line_start":36,"line_end":36,"column_start":14,"column_end":24,"is_primary":false,"text":[{"text":"            .get_result::<UserModel>(&mut conn)","highlight_start":14,"highlight_end":24}],"label":"required by a bound introduced by this call","suggested_replacement":null,"suggestion_applicability":null,"expansion":null}],"children":[{"message":"the trait `FromSqlRow<_, _>` is not implemented for `db::models::UserModel`","code":null,"level":"help","spans":[{"file_name":"src/infrastructure/db/models.rs","byte_start":526,"byte_end":546,"line_start":18,"line_end":18,"column_start":1,"column_end":21,"is_primary":true,"text":[{"text":"pub struct UserModel {","highlight_start":1,"highlight_end":21}],"label":null,"suggested_replacement":null,"suggestion_applicability":null,"expansion":null}],"children":[],"rendered":null},{"message":"double check your type mappings via the documentation of `_`","code":null,"level":"note","spans":[],"children":[],"rendered":null},{"message":"`diesel::sql_query` requires the loading target to column names for loading values.\nYou need to provide a type that explicitly derives `diesel::deserialize::QueryableByName`","code":null,"level":"note","spans":[],"children":[],"rendered":null},{"message":"required for `InsertStatement<table, ValuesClause<..., ...>, ..., ...>` to implement `LoadQuery<'_, _, db::models::UserModel>`","code":null,"level":"note","spans":[],"children":[],"rendered":null},{"message":"required by a bound in `get_result`","code":null,"level":"note","spans":[{"file_name":"/Users/patiphan/.cargo/registry/src/index.crates.io-1949cf8c6b5b557f/diesel-2.3.6/src/query_dsl/mod.rs","byte_start":60246,"byte_end":60256,"line_start":1774,"line_end":1774,"column_start":8,"column_end":18,"is_primary":false,"text":[{"text":"    fn get_result<'query, U>(self, conn: &mut Conn) -> QueryResult<U>","highlight_start":8,"highlight_end":18}],"label":"required by a bound in this associated function","suggested_replacement":null,"suggestion_applicability":null,"expansion":null},{"file_name":"/Users/patiphan/.cargo/registry/src/index.crates.io-1949cf8c6b5b557f/diesel-2.3.6/src/query_dsl/mod.rs","byte_start":60333,"byte_end":60359,"line_start":1776,"line_end":1776,"column_start":15,"column_end":41,"is_primary":true,"text":[{"text":"        Self: LoadQuery<'query, Conn, U>,","highlight_start":15,"highlight_end":41}],"label":"required by this bound in `RunQueryDsl::get_result`","suggested_replacement":null,"suggestion_applicability":null,"expansion":null}],"children":[],"rendered":null},{"message":"the full name for the type has been written to '/Users/patiphan/mtd/social_security_motocycle/backend/target/debug/deps/backend-c6c27fe972170a82.long-type-8480500682677955434.txt'","code":null,"level":"note","spans":[],"children":[],"rendered":null},{"message":"consider using `--verbose` to print the full type name to the console","code":null,"level":"note","spans":[],"children":[],"rendered":null}],"rendered":"\u001b[1m\u001b[91merror[E0277]\u001b[0m\u001b[1m: the trait bound `db::models::UserModel: FromSqlRow<_, _>` is not satisfied\u001b[0m\n    \u001b[1m\u001b[94m--> \u001b[0msrc/infrastructure/db/repositories/user.rs:36:38\n     \u001b[1m\u001b[94m|\u001b[0m\n  \u001b[1m\u001b[94m36\u001b[0m \u001b[1m\u001b[94m|\u001b[0m             .get_result::<UserModel>(&mut conn)\n     \u001b[1m\u001b[94m|\u001b[0m              \u001b[1m\u001b[94m----------\u001b[0m              \u001b[1m\u001b[91m^^^^^^^^^\u001b[0m \u001b[1m\u001b[91munsatisfied trait bound\u001b[0m\n     \u001b[1m\u001b[94m|\u001b[0m              \u001b[1m\u001b[94m|\u001b[0m\n     \u001b[1m\u001b[94m|\u001b[0m              \u001b[1m\u001b[94mrequired by a bound introduced by this call\u001b[0m\n     \u001b[1m\u001b[94m|\u001b[0m\n\u001b[1m\u001b[96mhelp\u001b[0m: the trait `FromSqlRow<_, _>` is not implemented for `db::models::UserModel`\n    \u001b[1m\u001b[94m--> \u001b[0msrc/infrastructure/db/models.rs:18:1\n     \u001b[1m\u001b[94m|\u001b[0m\n  \u001b[1m\u001b[94m18\u001b[0m \u001b[1m\u001b[94m|\u001b[0m pub struct UserModel {\n     \u001b[1m\u001b[94m|\u001b[0m \u001b[1m\u001b[96m^^^^^^^^^^^^^^^^^^^^\u001b[0m\n     \u001b[1m\u001b[94m= \u001b[0m\u001b[1mnote\u001b[0m: double check your type mappings via the documentation of `_`\n     \u001b[1m\u001b[94m= \u001b[0m\u001b[1mnote\u001b[0m: `diesel::sql_query` requires the loading target to column names for loading values.\n             You need to provide a type that explicitly derives `diesel::deserialize::QueryableByName`\n     \u001b[1m\u001b[94m= \u001b[0m\u001b[1mnote\u001b[0m: required for `InsertStatement<table, ValuesClause<..., ...>, ..., ...>` to implement `LoadQuery<'_, _, db::models::UserModel>`\n\u001b[1m\u001b[92mnote\u001b[0m: required by a bound in `get_result`\n    \u001b[1m\u001b[94m--> \u001b[0m/Users/patiphan/.cargo/registry/src/index.crates.io-1949cf8c6b5b557f/diesel-2.3.6/src/query_dsl/mod.rs:1776:15\n     \u001b[1m\u001b[94m|\u001b[0m\n\u001b[1m\u001b[94m1774\u001b[0m \u001b[1m\u001b[94m|\u001b[0m     fn get_result<'query, U>(self, conn: &mut Conn) -> QueryResult<U>\n     \u001b[1m\u001b[94m|\u001b[0m        \u001b[1m\u001b[94m----------\u001b[0m \u001b[1m\u001b[94mrequired by a bound in this associated function\u001b[0m\n\u001b[1m\u001b[94m1775\u001b[0m \u001b[1m\u001b[94m|\u001b[0m     where\n\u001b[1m\u001b[94m1776\u001b[0m \u001b[1m\u001b[94m|\u001b[0m         Self: LoadQuery<'query, Conn, U>,\n     \u001b[1m\u001b[94m|\u001b[0m               \u001b[1m\u001b[92m^^^^^^^^^^^^^^^^^^^^^^^^^^\u001b[0m \u001b[1m\u001b[92mrequired by this bound in `RunQueryDsl::get_result`\u001b[0m\n     \u001b[1m\u001b[94m= \u001b[0m\u001b[1mnote\u001b[0m: the full name for the type has been written to '/Users/patiphan/mtd/social_security_motocycle/backend/target/debug/deps/backend-c6c27fe972170a82.long-type-8480500682677955434.txt'\n     \u001b[1m\u001b[94m= \u001b[0m\u001b[1mnote\u001b[0m: consider using `--verbose` to print the full type name to the console\n\n"}
{"$message_type":"diagnostic","message":"the trait bound `SelectBy<UserModel, _>: CompatibleType<UserModel, _>` is not satisfied","code":{"code":"E0277","explanation":"You tried to use a type which doesn't implement some trait in a place which\nexpected that trait.\n\nErroneous code example:\n\n```compile_fail,E0277\n// here we declare the Foo trait with a bar method\ntrait Foo {\n    fn bar(&self);\n}\n\n// we now declare a function which takes an object implementing the Foo trait\nfn some_func<T: Foo>(foo: T) {\n    foo.bar();\n}\n\nfn main() {\n    // we now call the method with the i32 type, which doesn't implement\n    // the Foo trait\n    some_func(5i32); // error: the trait bound `i32 : Foo` is not satisfied\n}\n```\n\nIn order to fix this error, verify that the type you're using does implement\nthe trait. Example:\n\n```\ntrait Foo {\n    fn bar(&self);\n}\n\n// we implement the trait on the i32 type\nimpl Foo for i32 {\n    fn bar(&self) {}\n}\n\nfn some_func<T: Foo>(foo: T) {\n    foo.bar(); // we can now use this method since i32 implements the\n               // Foo trait\n}\n\nfn main() {\n    some_func(5i32); // ok!\n}\n```\n\nOr in a generic context, an erroneous code example would look like:\n\n```compile_fail,E0277\nfn some_func<T>(foo: T) {\n    println!(\"{:?}\", foo); // error: the trait `core::fmt::Debug` is not\n                           //        implemented for the type `T`\n}\n\nfn main() {\n    // We now call the method with the i32 type,\n    // which *does* implement the Debug trait.\n    some_func(5i32);\n}\n```\n\nNote that the error here is in the definition of the generic function. Although\nwe only call it with a parameter that does implement `Debug`, the compiler\nstill rejects the function. It must work with all possible input types. In\norder to make this example compile, we need to restrict the generic type we're\naccepting:\n\n```\nuse std::fmt;\n\n// Restrict the input type to types that implement Debug.\nfn some_func<T: fmt::Debug>(foo: T) {\n    println!(\"{:?}\", foo);\n}\n\nfn main() {\n    // Calling the method is still fine, as i32 implements Debug.\n    some_func(5i32);\n\n    // This would fail to compile now:\n    // struct WithoutDebug;\n    // some_func(WithoutDebug);\n}\n```\n\nRust only looks at the signature of the called function, as such it must\nalready specify all requirements that will be used for every type parameter.\n"},"level":"error","spans":[{"file_name":"src/infrastructure/db/repositories/user.rs","byte_start":1545,"byte_end":1554,"line_start":48,"line_end":48,"column_start":33,"column_end":42,"is_primary":true,"text":[{"text":"            .first::<UserModel>(&mut conn)","highlight_start":33,"highlight_end":42}],"label":"unsatisfied trait bound","suggested_replacement":null,"suggestion_applicability":null,"expansion":null},{"file_name":"src/infrastructure/db/repositories/user.rs","byte_start":1526,"byte_end":1531,"line_start":48,"line_end":48,"column_start":14,"column_end":19,"is_primary":false,"text":[{"text":"            .first::<UserModel>(&mut conn)","highlight_start":14,"highlight_end":19}],"label":"required by a bound introduced by this call","suggested_replacement":null,"suggestion_applicability":null,"expansion":null}],"children":[{"message":"the trait `load_dsl::private::CompatibleType<db::models::UserModel, _>` is not implemented for `diesel::expression::select_by::SelectBy<db::models::UserModel, _>`","code":null,"level":"help","spans":[],"children":[],"rendered":null},{"message":"this is a mismatch between what your query returns and what your type expects the query to return","code":null,"level":"note","spans":[],"children":[],"rendered":null},{"message":"the fields in your struct need to match the fields returned by your query in count, order and type","code":null,"level":"note","spans":[],"children":[],"rendered":null},{"message":"consider using `#[diesel(check_for_backend(_))]` on either `#[derive(Selectable)]` or `#[derive(QueryableByName)]` \non your struct `db::models::UserModel` and in your query `.select(db::models::UserModel::as_select())` to get a better error message","code":null,"level":"note","spans":[],"children":[],"rendered":null},{"message":"the trait `load_dsl::private::CompatibleType<U, DB>` is implemented for `diesel::expression::select_by::SelectBy<U, DB>`","code":null,"level":"help","spans":[],"children":[],"rendered":null},{"message":"required for `SelectStatement<FromClause<table>, ..., ..., ..., ..., ...>` to implement `LoadQuery<'_, _, db::models::UserModel>`","code":null,"level":"note","spans":[],"children":[],"rendered":null},{"message":"required by a bound in `first`","code":null,"level":"note","spans":[{"file_name":"/Users/patiphan/.cargo/registry/src/index.crates.io-1949cf8c6b5b557f/diesel-2.3.6/src/query_dsl/mod.rs","byte_start":62102,"byte_end":62107,"line_start":1830,"line_end":1830,"column_start":8,"column_end":13,"is_primary":false,"text":[{"text":"    fn first<'query, U>(self, conn: &mut Conn) -> QueryResult<U>","highlight_start":8,"highlight_end":13}],"label":"required by a bound in this associated function","suggested_replacement":null,"suggestion_applicability":null,"expansion":null},{"file_name":"/Users/patiphan/.cargo/registry/src/index.crates.io-1949cf8c6b5b557f/diesel-2.3.6/src/query_dsl/mod.rs","byte_start":62224,"byte_end":62250,"line_start":1833,"line_end":1833,"column_start":22,"column_end":48,"is_primary":true,"text":[{"text":"        Limit<Self>: LoadQuery<'query, Conn, U>,","highlight_start":22,"highlight_end":48}],"label":"required by this bound in `RunQueryDsl::first`","suggested_replacement":null,"suggestion_applicability":null,"expansion":null}],"children":[],"rendered":null},{"message":"the full name for the type has been written to '/Users/patiphan/mtd/social_security_motocycle/backend/target/debug/deps/backend-c6c27fe972170a82.long-type-16132798029996367927.txt'","code":null,"level":"note","spans":[],"children":[],"rendered":null},{"message":"consider using `--verbose` to print the full type name to the console","code":null,"level":"note","spans":[],"children":[],"rendered":null}],"rendered":"\u001b[1m\u001b[91merror[E0277]\u001b[0m\u001b[1m: the trait bound `SelectBy<UserModel, _>: CompatibleType<UserModel, _>` is not satisfied\u001b[0m\n    \u001b[1m\u001b[94m--> \u001b[0msrc/infrastructure/db/repositories/user.rs:48:33\n     \u001b[1m\u001b[94m|\u001b[0m\n  \u001b[1m\u001b[94m48\u001b[0m \u001b[1m\u001b[94m|\u001b[0m             .first::<UserModel>(&mut conn)\n     \u001b[1m\u001b[94m|\u001b[0m              \u001b[1m\u001b[94m-----\u001b[0m              \u001b[1m\u001b[91m^^^^^^^^^\u001b[0m \u001b[1m\u001b[91munsatisfied trait bound\u001b[0m\n     \u001b[1m\u001b[94m|\u001b[0m              \u001b[1m\u001b[94m|\u001b[0m\n     \u001b[1m\u001b[94m|\u001b[0m              \u001b[1m\u001b[94mrequired by a bound introduced by this call\u001b[0m\n     \u001b[1m\u001b[94m|\u001b[0m\n     \u001b[1m\u001b[94m= \u001b[0m\u001b[1mhelp\u001b[0m: the trait `load_dsl::private::CompatibleType<db::models::UserModel, _>` is not implemented for `diesel::expression::select_by::SelectBy<db::models::UserModel, _>`\n     \u001b[1m\u001b[94m= \u001b[0m\u001b[1mnote\u001b[0m: this is a mismatch between what your query returns and what your type expects the query to return\n     \u001b[1m\u001b[94m= \u001b[0m\u001b[1mnote\u001b[0m: the fields in your struct need to match the fields returned by your query in count, order and type\n     \u001b[1m\u001b[94m= \u001b[0m\u001b[1mnote\u001b[0m: consider using `#[diesel(check_for_backend(_))]` on either `#[derive(Selectable)]` or `#[derive(QueryableByName)]` \n             on your struct `db::models::UserModel` and in your query `.select(db::models::UserModel::as_select())` to get a better error message\n     \u001b[1m\u001b[94m= \u001b[0m\u001b[1mhelp\u001b[0m: the trait `load_dsl::private::CompatibleType<U, DB>` \u001b[1m\u001b[35mis\u001b[0m implemented for `\u001b[1m\u001b[35mdiesel::expression::select_by::SelectBy<U, DB>\u001b[0m`\n     \u001b[1m\u001b[94m= \u001b[0m\u001b[1mnote\u001b[0m: required for `SelectStatement<FromClause<table>, ..., ..., ..., ..., ...>` to implement `LoadQuery<'_, _, db::models::UserModel>`\n\u001b[1m\u001b[92mnote\u001b[0m: required by a bound in `first`\n    \u001b[1m\u001b[94m--> \u001b[0m/Users/patiphan/.cargo/registry/src/index.crates.io-1949cf8c6b5b557f/diesel-2.3.6/src/query_dsl/mod.rs:1833:22\n     \u001b[1m\u001b[94m|\u001b[0m\n\u001b[1m\u001b[94m1830\u001b[0m \u001b[1m\u001b[94m|\u001b[0m     fn first<'query, U>(self, conn: &mut Conn) -> QueryResult<U>\n     \u001b[1m\u001b[94m|\u001b[0m        \u001b[1m\u001b[94m-----\u001b[0m \u001b[1m\u001b[94mrequired by a bound in this associated function\u001b[0m\n\u001b[1m\u001b[94m...\u001b[0m\n\u001b[1m\u001b[94m1833\u001b[0m \u001b[1m\u001b[94m|\u001b[0m         Limit<Self>: LoadQuery<'query, Conn, U>,\n     \u001b[1m\u001b[94m|\u001b[0m                      \u001b[1m\u001b[92m^^^^^^^^^^^^^^^^^^^^^^^^^^\u001b[0m \u001b[1m\u001b[92mrequired by this bound in `RunQueryDsl::first`\u001b[0m\n     \u001b[1m\u001b[94m= \u001b[0m\u001b[1mnote\u001b[0m: the full name for the type has been written to '/Users/patiphan/mtd/social_security_motocycle/backend/target/debug/deps/backend-c6c27fe972170a82.long-type-16132798029996367927.txt'\n     \u001b[1m\u001b[94m= \u001b[0m\u001b[1mnote\u001b[0m: consider using `--verbose` to print the full type name to the console\n\n"}
{"$message_type":"diagnostic","message":"the trait bound `db::models::UserModel: FromSqlRow<_, _>` is not satisfied","code":{"code":"E0277","explanation":"You tried to use a type which doesn't implement some trait in a place which\nexpected that trait.\n\nErroneous code example:\n\n```compile_fail,E0277\n// here we declare the Foo trait with a bar method\ntrait Foo {\n    fn bar(&self);\n}\n\n// we now declare a function which takes an object implementing the Foo trait\nfn some_func<T: Foo>(foo: T) {\n    foo.bar();\n}\n\nfn main() {\n    // we now call the method with the i32 type, which doesn't implement\n    // the Foo trait\n    some_func(5i32); // error: the trait bound `i32 : Foo` is not satisfied\n}\n```\n\nIn order to fix this error, verify that the type you're using does implement\nthe trait. Example:\n\n```\ntrait Foo {\n    fn bar(&self);\n}\n\n// we implement the trait on the i32 type\nimpl Foo for i32 {\n    fn bar(&self) {}\n}\n\nfn some_func<T: Foo>(foo: T) {\n    foo.bar(); // we can now use this method since i32 implements the\n               // Foo trait\n}\n\nfn main() {\n    some_func(5i32); // ok!\n}\n```\n\nOr in a generic context, an erroneous code example would look like:\n\n```compile_fail,E0277\nfn some_func<T>(foo: T) {\n    println!(\"{:?}\", foo); // error: the trait `core::fmt::Debug` is not\n                           //        implemented for the type `T`\n}\n\nfn main() {\n    // We now call the method with the i32 type,\n    // which *does* implement the Debug trait.\n    some_func(5i32);\n}\n```\n\nNote that the error here is in the definition of the generic function. Although\nwe only call it with a parameter that does implement `Debug`, the compiler\nstill rejects the function. It must work with all possible input types. In\norder to make this example compile, we need to restrict the generic type we're\naccepting:\n\n```\nuse std::fmt;\n\n// Restrict the input type to types that implement Debug.\nfn some_func<T: fmt::Debug>(foo: T) {\n    println!(\"{:?}\", foo);\n}\n\nfn main() {\n    // Calling the method is still fine, as i32 implements Debug.\n    some_func(5i32);\n\n    // This would fail to compile now:\n    // struct WithoutDebug;\n    // some_func(WithoutDebug);\n}\n```\n\nRust only looks at the signature of the called function, as such it must\nalready specify all requirements that will be used for every type parameter.\n"},"level":"error","spans":[{"file_name":"src/infrastructure/db/repositories/user.rs","byte_start":1545,"byte_end":1554,"line_start":48,"line_end":48,"column_start":33,"column_end":42,"is_primary":true,"text":[{"text":"            .first::<UserModel>(&mut conn)","highlight_start":33,"highlight_end":42}],"label":"unsatisfied trait bound","suggested_replacement":null,"suggestion_applicability":null,"expansion":null},{"file_name":"src/infrastructure/db/repositories/user.rs","byte_start":1526,"byte_end":1531,"line_start":48,"line_end":48,"column_start":14,"column_end":19,"is_primary":false,"text":[{"text":"            .first::<UserModel>(&mut conn)","highlight_start":14,"highlight_end":19}],"label":"required by a bound introduced by this call","suggested_replacement":null,"suggestion_applicability":null,"expansion":null}],"children":[{"message":"the trait `FromSqlRow<_, _>` is not implemented for `db::models::UserModel`","code":null,"level":"help","spans":[{"file_name":"src/infrastructure/db/models.rs","byte_start":526,"byte_end":546,"line_start":18,"line_end":18,"column_start":1,"column_end":21,"is_primary":true,"text":[{"text":"pub struct UserModel {","highlight_start":1,"highlight_end":21}],"label":null,"suggested_replacement":null,"suggestion_applicability":null,"expansion":null}],"children":[],"rendered":null},{"message":"double check your type mappings via the documentation of `_`","code":null,"level":"note","spans":[],"children":[],"rendered":null},{"message":"`diesel::sql_query` requires the loading target to column names for loading values.\nYou need to provide a type that explicitly derives `diesel::deserialize::QueryableByName`","code":null,"level":"note","spans":[],"children":[],"rendered":null},{"message":"required for `SelectStatement<FromClause<table>, ..., ..., ..., ..., ...>` to implement `LoadQuery<'_, _, db::models::UserModel>`","code":null,"level":"note","spans":[],"children":[],"rendered":null},{"message":"required by a bound in `first`","code":null,"level":"note","spans":[{"file_name":"/Users/patiphan/.cargo/registry/src/index.crates.io-1949cf8c6b5b557f/diesel-2.3.6/src/query_dsl/mod.rs","byte_start":62102,"byte_end":62107,"line_start":1830,"line_end":1830,"column_start":8,"column_end":13,"is_primary":false,"text":[{"text":"    fn first<'query, U>(self, conn: &mut Conn) -> QueryResult<U>","highlight_start":8,"highlight_end":13}],"label":"required by a bound in this associated function","suggested_replacement":null,"suggestion_applicability":null,"expansion":null},{"file_name":"/Users/patiphan/.cargo/registry/src/index.crates.io-1949cf8c6b5b557f/diesel-2.3.6/src/query_dsl/mod.rs","byte_start":62224,"byte_end":62250,"line_start":1833,"line_end":1833,"column_start":22,"column_end":48,"is_primary":true,"text":[{"text":"        Limit<Self>: LoadQuery<'query, Conn, U>,","highlight_start":22,"highlight_end":48}],"label":"required by this bound in `RunQueryDsl::first`","suggested_replacement":null,"suggestion_applicability":null,"expansion":null}],"children":[],"rendered":null},{"message":"the full name for the type has been written to '/Users/patiphan/mtd/social_security_motocycle/backend/target/debug/deps/backend-c6c27fe972170a82.long-type-354687852853878696.txt'","code":null,"level":"note","spans":[],"children":[],"rendered":null},{"message":"consider using `--verbose` to print the full type name to the console","code":null,"level":"note","spans":[],"children":[],"rendered":null}],"rendered":"\u001b[1m\u001b[91merror[E0277]\u001b[0m\u001b[1m: the trait bound `db::models::UserModel: FromSqlRow<_, _>` is not satisfied\u001b[0m\n    \u001b[1m\u001b[94m--> \u001b[0msrc/infrastructure/db/repositories/user.rs:48:33\n     \u001b[1m\u001b[94m|\u001b[0m\n  \u001b[1m\u001b[94m48\u001b[0m \u001b[1m\u001b[94m|\u001b[0m             .first::<UserModel>(&mut conn)\n     \u001b[1m\u001b[94m|\u001b[0m              \u001b[1m\u001b[94m-----\u001b[0m              \u001b[1m\u001b[91m^^^^^^^^^\u001b[0m \u001b[1m\u001b[91munsatisfied trait bound\u001b[0m\n     \u001b[1m\u001b[94m|\u001b[0m              \u001b[1m\u001b[94m|\u001b[0m\n     \u001b[1m\u001b[94m|\u001b[0m              \u001b[1m\u001b[94mrequired by a bound introduced by this call\u001b[0m\n     \u001b[1m\u001b[94m|\u001b[0m\n\u001b[1m\u001b[96mhelp\u001b[0m: the trait `FromSqlRow<_, _>` is not implemented for `db::models::UserModel`\n    \u001b[1m\u001b[94m--> \u001b[0msrc/infrastructure/db/models.rs:18:1\n     \u001b[1m\u001b[94m|\u001b[0m\n  \u001b[1m\u001b[94m18\u001b[0m \u001b[1m\u001b[94m|\u001b[0m pub struct UserModel {\n     \u001b[1m\u001b[94m|\u001b[0m \u001b[1m\u001b[96m^^^^^^^^^^^^^^^^^^^^\u001b[0m\n     \u001b[1m\u001b[94m= \u001b[0m\u001b[1mnote\u001b[0m: double check your type mappings via the documentation of `_`\n     \u001b[1m\u001b[94m= \u001b[0m\u001b[1mnote\u001b[0m: `diesel::sql_query` requires the loading target to column names for loading values.\n             You need to provide a type that explicitly derives `diesel::deserialize::QueryableByName`\n     \u001b[1m\u001b[94m= \u001b[0m\u001b[1mnote\u001b[0m: required for `SelectStatement<FromClause<table>, ..., ..., ..., ..., ...>` to implement `LoadQuery<'_, _, db::models::UserModel>`\n\u001b[1m\u001b[92mnote\u001b[0m: required by a bound in `first`\n    \u001b[1m\u001b[94m--> \u001b[0m/Users/patiphan/.cargo/registry/src/index.crates.io-1949cf8c6b5b557f/diesel-2.3.6/src/query_dsl/mod.rs:1833:22\n     \u001b[1m\u001b[94m|\u001b[0m\n\u001b[1m\u001b[94m1830\u001b[0m \u001b[1m\u001b[94m|\u001b[0m     fn first<'query, U>(self, conn: &mut Conn) -> QueryResult<U>\n     \u001b[1m\u001b[94m|\u001b[0m        \u001b[1m\u001b[94m-----\u001b[0m \u001b[1m\u001b[94mrequired by a bound in this associated function\u001b[0m\n\u001b[1m\u001b[94m...\u001b[0m\n\u001b[1m\u001b[94m1833\u001b[0m \u001b[1m\u001b[94m|\u001b[0m         Limit<Self>: LoadQuery<'query, Conn, U>,\n     \u001b[1m\u001b[94m|\u001b[0m                      \u001b[1m\u001b[92m^^^^^^^^^^^^^^^^^^^^^^^^^^\u001b[0m \u001b[1m\u001b[92mrequired by this bound in `RunQueryDsl::first`\u001b[0m\n     \u001b[1m\u001b[94m= \u001b[0m\u001b[1mnote\u001b[0m: the full name for the type has been written to '/Users/patiphan/mtd/social_security_motocycle/backend/target/debug/deps/backend-c6c27fe972170a82.long-type-354687852853878696.txt'\n     \u001b[1m\u001b[94m= \u001b[0m\u001b[1mnote\u001b[0m: consider using `--verbose` to print the full type name to the console\n\n"}
{"$message_type":"diagnostic","message":"aborting due to 9 previous errors; 5 warnings emitted","code":null,"level":"error","spans":[],"children":[],"rendered":"\u001b[1m\u001b[91merror\u001b[0m\u001b[1m: aborting due to 9 previous errors; 5 warnings emitted\u001b[0m\n\n"}
{"$message_type":"diagnostic","message":"Some errors have detailed explanations: E0119, E0277, E0428.","code":null,"level":"failure-note","spans":[],"children":[],"rendered":"\u001b[1mSome errors have detailed explanations: E0119, E0277, E0428.\u001b[0m\n"}
{"$message_type":"diagnostic","message":"For more information about an error, try `rustc --explain E0119`.","code":null,"level":"failure-note","spans":[],"children":[],"rendered":"\u001b[1mFor more information about an error, try `rustc --explain E0119`.\u001b[0m\n"}
